Change Value of Parameter Supplier P/N (Cut Tape) in Part AH1 Old=Supplier P/N (CT) New=Supplier P/N (Cut Tape)
Change Value of Parameter Supplier P/N (Cut Tape) in Part AH2 Old=Supplier P/N (CT) New=Supplier P/N (Cut Tape)
Change Value of Parameter Supplier P/N (Cut Tape) in Part C1 Old=Supplier P/N (CT) New=Supplier P/N (Cut Tape)
Change Value of Parameter Supplier P/N (Cut Tape) in Part C2 Old=Supplier P/N (CT) New=Supplier P/N (Cut Tape)
Change Value of Parameter Supplier P/N (Cut Tape) in Part C3 Old=Supplier P/N (CT) New=Supplier P/N (Cut Tape)
Change Value of Parameter Supplier P/N (Cut Tape) in Part C4 Old=Supplier P/N (CT) New=Supplier P/N (Cut Tape)
Change Value of Parameter Supplier P/N (Cut Tape) in Part C5 Old=Supplier P/N (CT) New=Supplier P/N (Cut Tape)
Change Value of Parameter Supplier P/N (Cut Tape) in Part C6 Old=Supplier P/N (CT) New=Supplier P/N (Cut Tape)
Change Value of Parameter Supplier P/N (Cut Tape) in Part C7 Old=Supplier P/N (CT) New=Supplier P/N (Cut Tape)
Change Value of Parameter Supplier P/N (Cut Tape) in Part C8 Old=Supplier P/N (CT) New=Supplier P/N (Cut Tape)
Change Value of Parameter Supplier P/N (Cut Tape) in Part D1 Old=Supplier P/N (CT) New=Supplier P/N (Cut Tape)
Change Value of Parameter Supplier P/N (Cut Tape) in Part J1 Old=Supplier P/N (CT) New=Supplier P/N (Cut Tape)
Change Value of Parameter Supplier P/N (Cut Tape) in Part J2 Old=Supplier P/N (CT) New=Supplier P/N (Cut Tape)
Change Value of Parameter Supplier P/N (Cut Tape) in Part JP1 Old=Supplier P/N (CT) New=Supplier P/N (Cut Tape)
Change Value of Parameter Supplier P/N (Cut Tape) in Part JP2 Old=Supplier P/N (CT) New=Supplier P/N (Cut Tape)
Change Value of Parameter Supplier P/N (Cut Tape) in Part JP3 Old=Supplier P/N (CT) New=Supplier P/N (Cut Tape)
Change Value of Parameter Supplier P/N (Cut Tape) in Part JP4 Old=Supplier P/N (CT) New=Supplier P/N (Cut Tape)
Change Value of Parameter Supplier P/N (Cut Tape) in Part JS1 Old=Supplier P/N (CT) New=Supplier P/N (Cut Tape)
Change Value of Parameter Supplier P/N (Cut Tape) in Part JS2 Old=Supplier P/N (CT) New=Supplier P/N (Cut Tape)
Change Value of Parameter Supplier P/N (Cut Tape) in Part JS3 Old=Supplier P/N (CT) New=Supplier P/N (Cut Tape)
Change Value of Parameter Supplier P/N (Cut Tape) in Part Q1 Old=Supplier P/N (CT) New=Supplier P/N (Cut Tape)
Change Value of Parameter Supplier P/N (Cut Tape) in Part Q2 Old=Supplier P/N (CT) New=Supplier P/N (Cut Tape)
Change Value of Parameter Supplier P/N (Cut Tape) in Part R1 Old=Supplier P/N (CT) New=Supplier P/N (Cut Tape)
Change Value of Parameter Supplier P/N (Cut Tape) in Part R2 Old=Supplier P/N (CT) New=Supplier P/N (Cut Tape)
Change Value of Parameter Supplier P/N (Cut Tape) in Part R3 Old=Supplier P/N (CT) New=Supplier P/N (Cut Tape)
Change Value of Parameter Supplier P/N (Cut Tape) in Part R4 Old=Supplier P/N (CT) New=Supplier P/N (Cut Tape)
Change Value of Parameter Supplier P/N (Cut Tape) in Part R5 Old=Supplier P/N (CT) New=Supplier P/N (Cut Tape)
Change Value of Parameter Supplier P/N (Cut Tape) in Part R6 Old=Supplier P/N (CT) New=Supplier P/N (Cut Tape)
Change Value of Parameter Supplier P/N (Cut Tape) in Part R7 Old=Supplier P/N (CT) New=Supplier P/N (Cut Tape)
Change Value of Parameter Supplier P/N (Cut Tape) in Part R10 Old=Supplier P/N (CT) New=Supplier P/N (Cut Tape)
Change Value of Parameter Supplier P/N (Cut Tape) in Part T1 Old=Supplier P/N (CT) New=Supplier P/N (Cut Tape)
Change Value of Parameter Supplier P/N (Cut Tape) in Part TP2 Old=Supplier P/N (CT) New=Supplier P/N (Cut Tape)
Change Value of Parameter Supplier P/N (Cut Tape) in Part TP3 Old=Supplier P/N (CT) New=Supplier P/N (Cut Tape)
Change Value of Parameter Supplier P/N (Cut Tape) in Part TP4 Old=Supplier P/N (CT) New=Supplier P/N (Cut Tape)
Change Value of Parameter Supplier P/N (Cut Tape) in Part TP5 Old=Supplier P/N (CT) New=Supplier P/N (Cut Tape)
Change Value of Parameter Supplier P/N (Cut Tape) in Part TP6 Old=Supplier P/N (CT) New=Supplier P/N (Cut Tape)
Change Value of Parameter Supplier P/N (Cut Tape) in Part U1 Old=Supplier P/N (CT) New=Supplier P/N (Cut Tape)
Change Value of Parameter Supplier P/N (Cut Tape) in Part U2 Old=Supplier P/N (CT) New=Supplier P/N (Cut Tape)
Change Value of Parameter Supplier P/N (Cut Tape) in Part U3 Old=Supplier P/N (CT) New=Supplier P/N (Cut Tape)
