Change Value of Parameter RefDes in Part AH1 Old= New=RefDes
Change Value of Parameter RefDes in Part AH2 Old= New=RefDes
Change Value of Parameter RefDes in Part C1 Old= New=RefDes
Change Value of Parameter RefDes in Part C2 Old= New=RefDes
Change Value of Parameter RefDes in Part C8 Old= New=RefDes
Change Value of Parameter RefDes in Part D1 Old= New=RefDes
Change Value of Parameter RefDes in Part J1 Old= New=RefDes
Change Value of Parameter RefDes in Part J2 Old= New=RefDes
Change Value of Parameter RefDes in Part JP1 Old= New=RefDes
Change Value of Parameter RefDes in Part JP2 Old= New=RefDes
Change Value of Parameter RefDes in Part JP3 Old= New=RefDes
Change Value of Parameter RefDes in Part JP4 Old= New=RefDes
Change Value of Parameter RefDes in Part JS1 Old= New=RefDes
Change Value of Parameter RefDes in Part JS2 Old= New=RefDes
Change Value of Parameter RefDes in Part JS3 Old= New=RefDes
Change Value of Parameter RefDes in Part Q1 Old= New=RefDes
Change Value of Parameter RefDes in Part Q2 Old= New=RefDes
Change Value of Parameter RefDes in Part R1 Old= New=RefDes
Change Value of Parameter RefDes in Part R2 Old= New=RefDes
Change Value of Parameter RefDes in Part R3 Old= New=RefDes
Change Value of Parameter RefDes in Part R4 Old= New=RefDes
Change Value of Parameter RefDes in Part R5 Old= New=RefDes
Change Value of Parameter RefDes in Part R6 Old= New=RefDes
Change Value of Parameter RefDes in Part R7 Old= New=RefDes
Change Value of Parameter RefDes in Part R10 Old= New=RefDes
Change Value of Parameter RefDes in Part T1 Old= New=RefDes
Change Value of Parameter RefDes in Part TP2 Old= New=RefDes
Change Value of Parameter RefDes in Part TP3 Old= New=RefDes
Change Value of Parameter RefDes in Part TP4 Old= New=RefDes
Change Value of Parameter RefDes in Part TP5 Old= New=RefDes
Change Value of Parameter RefDes in Part TP6 Old= New=RefDes
Change Value of Parameter RefDes in Part U1 Old= New=RefDes
Change Value of Parameter RefDes in Part U2 Old= New=RefDes
Change Value of Parameter RefDes in Part U3 Old= New=RefDes
