Change component parameters: Designator = "D2" ("D2"); Footprint = "WE-TVS_SOT23-3L"; UniqueID = "\KYAZCCQN" ("\KYAZCCQN")
Change component parameters (AddParameter): Name = "Datasheet"; Value = "https://www.we-online.com/components/products/datasheet/824021.pdf"; VariantName = "[No Variations]"
Change component parameters (AddParameter): Name = "Info"; Value = "TVS Diode"; VariantName = "[No Variations]"
Change component parameters (AddParameter): Name = "Manufacturer"; Value = "Würth Elektronik"; VariantName = "[No Variations]"
Change component parameters (AddParameter): Name = "Manufacturer P/N"; Value = "824021"; VariantName = "[No Variations]"
Change component parameters (AddParameter): Name = "RefDes"; Value = "RefDes"; VariantName = "[No Variations]"
Change component parameters (AddParameter): Name = "Supplier"; Value = "Digikey"; VariantName = "[No Variations]"
Change component parameters (AddParameter): Name = "Supplier P/N (Cut Tape)"; Value = "732-4468-1-ND"; VariantName = "[No Variations]"
Change component parameters (AddParameter): Name = "Supplier P/N (Tape & Reel)"; Value = "732-4468-2-ND"; VariantName = "[No Variations]"
Change component parameters (AddParameter): Name = "Supplier Web Page"; Value = "https://www.digikey.com/en/products/detail/w%C3%BCrth-elektronik/824021/3900544"; VariantName = "[No Variations]"
Change component parameters (AddParameter): Name = "Value"; Value = "7V TVS"; VariantName = "[No Variations]"
Change component parameters: Designator = "D3" ("D3"); Footprint = "WE-TVS_SOT23-3L"; UniqueID = "\UYGKNSMW" ("\UYGKNSMW")
Change component parameters (AddParameter): Name = "Datasheet"; Value = "https://www.we-online.com/components/products/datasheet/824021.pdf"; VariantName = "[No Variations]"
Change component parameters (AddParameter): Name = "Info"; Value = "TVS Diode"; VariantName = "[No Variations]"
Change component parameters (AddParameter): Name = "Manufacturer"; Value = "Würth Elektronik"; VariantName = "[No Variations]"
Change component parameters (AddParameter): Name = "Manufacturer P/N"; Value = "824021"; VariantName = "[No Variations]"
Change component parameters (AddParameter): Name = "RefDes"; Value = "RefDes"; VariantName = "[No Variations]"
Change component parameters (AddParameter): Name = "Supplier"; Value = "Digikey"; VariantName = "[No Variations]"
Change component parameters (AddParameter): Name = "Supplier P/N (Cut Tape)"; Value = "732-4468-1-ND"; VariantName = "[No Variations]"
Change component parameters (AddParameter): Name = "Supplier P/N (Tape & Reel)"; Value = "732-4468-2-ND"; VariantName = "[No Variations]"
Change component parameters (AddParameter): Name = "Supplier Web Page"; Value = "https://www.digikey.com/en/products/detail/w%C3%BCrth-elektronik/824021/3900544"; VariantName = "[No Variations]"
Change component parameters (AddParameter): Name = "Value"; Value = "7V TVS"; VariantName = "[No Variations]"
