Change Value of Parameter Supplier Web Page in Part AH1 Old=Supplier Web New=Supplier Web Page
Change Value of Parameter Supplier Web Page in Part AH2 Old=Supplier Web New=Supplier Web Page
Change Value of Parameter Supplier Web Page in Part C1 Old=Supplier Web New=Supplier Web Page
Change Value of Parameter Supplier Web Page in Part C2 Old=Supplier Web New=Supplier Web Page
Change Value of Parameter Supplier Web Page in Part C3 Old=Supplier Web New=Supplier Web Page
Change Value of Parameter Supplier Web Page in Part C4 Old=Supplier Web New=Supplier Web Page
Change Value of Parameter Supplier Web Page in Part C5 Old=Supplier Web New=Supplier Web Page
Change Value of Parameter Supplier Web Page in Part C6 Old=Supplier Web New=Supplier Web Page
Change Value of Parameter Supplier Web Page in Part C7 Old=Supplier Web New=Supplier Web Page
Change Value of Parameter Supplier Web Page in Part C8 Old=Supplier Web New=Supplier Web Page
Change Value of Parameter Supplier Web Page in Part D1 Old=Supplier Web New=Supplier Web Page
Change Value of Parameter Supplier Web Page in Part J1 Old=Supplier Web New=Supplier Web Page
Change Value of Parameter Supplier Web Page in Part J2 Old=Supplier Web New=Supplier Web Page
Change Value of Parameter Supplier Web Page in Part JP1 Old=Supplier Web New=Supplier Web Page
Change Value of Parameter Supplier Web Page in Part JP2 Old=Supplier Web New=Supplier Web Page
Change Value of Parameter Supplier Web Page in Part JP3 Old=Supplier Web New=Supplier Web Page
Change Value of Parameter Supplier Web Page in Part JP4 Old=Supplier Web New=Supplier Web Page
Change Value of Parameter Supplier Web Page in Part JS1 Old=Supplier Web New=Supplier Web Page
Change Value of Parameter Supplier Web Page in Part JS2 Old=Supplier Web New=Supplier Web Page
Change Value of Parameter Supplier Web Page in Part JS3 Old=Supplier Web New=Supplier Web Page
Change Value of Parameter Supplier Web Page in Part Q1 Old=Supplier Web New=Supplier Web Page
Change Value of Parameter Supplier Web Page in Part Q2 Old=Supplier Web New=Supplier Web Page
Change Value of Parameter Supplier Web Page in Part R1 Old=Supplier Web New=Supplier Web Page
Change Value of Parameter Supplier Web Page in Part R2 Old=Supplier Web New=Supplier Web Page
Change Value of Parameter Supplier Web Page in Part R3 Old=Supplier Web New=Supplier Web Page
Change Value of Parameter Supplier Web Page in Part R4 Old=Supplier Web New=Supplier Web Page
Change Value of Parameter Supplier Web Page in Part R5 Old=Supplier Web New=Supplier Web Page
Change Value of Parameter Supplier Web Page in Part R6 Old=Supplier Web New=Supplier Web Page
Change Value of Parameter Supplier Web Page in Part R7 Old=Supplier Web New=Supplier Web Page
Change Value of Parameter Supplier Web Page in Part R10 Old=Supplier Web New=Supplier Web Page
Change Value of Parameter Supplier Web Page in Part T1 Old=Supplier Web New=Supplier Web Page
Change Value of Parameter Supplier Web Page in Part TP2 Old=Supplier Web New=Supplier Web Page
Change Value of Parameter Supplier Web Page in Part TP3 Old=Supplier Web New=Supplier Web Page
Change Value of Parameter Supplier Web Page in Part TP4 Old=Supplier Web New=Supplier Web Page
Change Value of Parameter Supplier Web Page in Part TP5 Old=Supplier Web New=Supplier Web Page
Change Value of Parameter Supplier Web Page in Part TP6 Old=Supplier Web New=Supplier Web Page
Change Value of Parameter Supplier Web Page in Part U1 Old=Supplier WEB New=Supplier Web Page
Change Value of Parameter Supplier Web Page in Part U2 Old=Supplier Web New=Supplier Web Page
Change Value of Parameter Supplier Web Page in Part U3 Old=Supplier Web New=Supplier Web Page
