Change Value of Parameter Datasheet in Part AH1 Old=HelpURL New=Datasheet
Change Value of Parameter Supplier P/N (Tape & Reel) in Part AH1 Old=Supplier P/N New=Supplier P/N (Tape & Reel)
Change Value of Parameter Datasheet in Part AH2 Old=HelpURL New=Datasheet
Change Value of Parameter Supplier P/N (Tape & Reel) in Part AH2 Old=Supplier P/N New=Supplier P/N (Tape & Reel)
Change Value of Parameter Datasheet in Part C1 Old=HelpURL New=Datasheet
Change Value of Parameter Supplier P/N (Tape & Reel) in Part C1 Old=Supplier P/N New=Supplier P/N (Tape & Reel)
Change Value of Parameter Datasheet in Part C2 Old=HelpURL New=Datasheet
Change Value of Parameter Supplier P/N (Tape & Reel) in Part C2 Old=Supplier P/N New=Supplier P/N (Tape & Reel)
Change Value of Parameter Datasheet in Part C3 Old=HelpURL New=Datasheet
Change Value of Parameter Supplier P/N (Tape & Reel) in Part C3 Old=Supplier P/N New=Supplier P/N (Tape & Reel)
Change Value of Parameter Datasheet in Part C4 Old=HelpURL New=Datasheet
Change Value of Parameter Supplier P/N (Tape & Reel) in Part C4 Old=Supplier P/N New=Supplier P/N (Tape & Reel)
Change Value of Parameter Datasheet in Part C5 Old=HelpURL New=Datasheet
Change Value of Parameter Supplier P/N (Tape & Reel) in Part C5 Old=Supplier P/N New=Supplier P/N (Tape & Reel)
Change Value of Parameter Datasheet in Part C6 Old=HelpURL New=Datasheet
Change Value of Parameter Supplier P/N (Tape & Reel) in Part C6 Old=Supplier P/N New=Supplier P/N (Tape & Reel)
Change Value of Parameter Datasheet in Part C7 Old=HelpURL New=Datasheet
Change Value of Parameter Supplier P/N (Tape & Reel) in Part C7 Old=Supplier P/N New=Supplier P/N (Tape & Reel)
Change Value of Parameter Datasheet in Part C8 Old=HelpURL New=Datasheet
Change Value of Parameter Supplier P/N (Tape & Reel) in Part C8 Old=Supplier P/N New=Supplier P/N (Tape & Reel)
Change Value of Parameter Datasheet in Part D1 Old=HelpURL New=Datasheet
Change Value of Parameter Supplier P/N (Tape & Reel) in Part D1 Old=Supplier P/N New=Supplier P/N (Tape & Reel)
Change Value of Parameter Datasheet in Part J1 Old=HelpURL New=Datasheet
Change Value of Parameter Supplier P/N (Tape & Reel) in Part J1 Old=Supplier P/N New=Supplier P/N (Tape & Reel)
Change Value of Parameter Datasheet in Part J2 Old=HelpURL New=Datasheet
Change Value of Parameter Supplier P/N (Tape & Reel) in Part J2 Old=Supplier P/N New=Supplier P/N (Tape & Reel)
Change Value of Parameter Datasheet in Part JP1 Old=HelpURL New=Datasheet
Change Value of Parameter Supplier P/N (Tape & Reel) in Part JP1 Old=Supplier P/N New=Supplier P/N (Tape & Reel)
Change Value of Parameter Datasheet in Part JP2 Old=HelpURL New=Datasheet
Change Value of Parameter Supplier P/N (Tape & Reel) in Part JP2 Old=Supplier P/N New=Supplier P/N (Tape & Reel)
Change Value of Parameter Datasheet in Part JP3 Old=HelpURL New=Datasheet
Change Value of Parameter Supplier P/N (Tape & Reel) in Part JP3 Old=Supplier P/N New=Supplier P/N (Tape & Reel)
Change Value of Parameter Datasheet in Part JP4 Old=HelpURL New=Datasheet
Change Value of Parameter Supplier P/N (Tape & Reel) in Part JP4 Old=Supplier P/N New=Supplier P/N (Tape & Reel)
Change Value of Parameter Datasheet in Part JS1 Old=HelpURL New=Datasheet
Change Value of Parameter Supplier P/N (Tape & Reel) in Part JS1 Old=Supplier P/N New=Supplier P/N (Tape & Reel)
Change Value of Parameter Datasheet in Part JS2 Old=HelpURL New=Datasheet
Change Value of Parameter Supplier P/N (Tape & Reel) in Part JS2 Old=Supplier P/N New=Supplier P/N (Tape & Reel)
Change Value of Parameter Datasheet in Part JS3 Old=HelpURL New=Datasheet
Change Value of Parameter Supplier P/N (Tape & Reel) in Part JS3 Old=Supplier P/N New=Supplier P/N (Tape & Reel)
Change Value of Parameter Datasheet in Part Q1 Old=HelpURL New=Datasheet
Change Value of Parameter Supplier P/N (Tape & Reel) in Part Q1 Old=Supplier P/N New=Supplier P/N (Tape & Reel)
Change Value of Parameter Datasheet in Part Q2 Old=HelpURL New=Datasheet
Change Value of Parameter Supplier P/N (Tape & Reel) in Part Q2 Old=Supplier P/N New=Supplier P/N (Tape & Reel)
Change Value of Parameter Datasheet in Part R1 Old=HelpURL New=Datasheet
Change Value of Parameter Supplier P/N (Tape & Reel) in Part R1 Old=Supplier P/N New=Supplier P/N (Tape & Reel)
Change Value of Parameter Datasheet in Part R2 Old=HelpURL New=Datasheet
Change Value of Parameter Supplier P/N (Tape & Reel) in Part R2 Old=Supplier P/N New=Supplier P/N (Tape & Reel)
Change Value of Parameter Datasheet in Part R3 Old=HelpURL New=Datasheet
Change Value of Parameter Supplier P/N (Tape & Reel) in Part R3 Old=Supplier P/N New=Supplier P/N (Tape & Reel)
Change Value of Parameter Datasheet in Part R4 Old=HelpURL New=Datasheet
Change Value of Parameter Supplier P/N (Tape & Reel) in Part R4 Old=Supplier P/N New=Supplier P/N (Tape & Reel)
Change Value of Parameter Datasheet in Part R5 Old=HelpURL New=Datasheet
Change Value of Parameter Supplier P/N (Tape & Reel) in Part R5 Old=Supplier P/N New=Supplier P/N (Tape & Reel)
Change Value of Parameter Datasheet in Part R6 Old=HelpURL New=Datasheet
Change Value of Parameter Supplier P/N (Tape & Reel) in Part R6 Old=Supplier P/N New=Supplier P/N (Tape & Reel)
Change Value of Parameter Datasheet in Part R7 Old=HelpURL New=Datasheet
Change Value of Parameter Supplier P/N (Tape & Reel) in Part R7 Old=Supplier P/N New=Supplier P/N (Tape & Reel)
Change Value of Parameter Datasheet in Part R10 Old=HelpURL New=Datasheet
Change Value of Parameter Supplier P/N (Tape & Reel) in Part R10 Old=Supplier P/N New=Supplier P/N (Tape & Reel)
Change Value of Parameter Datasheet in Part T1 Old=HelpURL New=Datasheet
Change Value of Parameter Supplier P/N (Tape & Reel) in Part T1 Old=Supplier P/N New=Supplier P/N (Tape & Reel)
Change Value of Parameter Datasheet in Part TP2 Old=HelpURL New=Datasheet
Change Value of Parameter Supplier P/N (Tape & Reel) in Part TP2 Old=Supplier P/N New=Supplier P/N (Tape & Reel)
Change Value of Parameter Datasheet in Part TP3 Old=HelpURL New=Datasheet
Change Value of Parameter Supplier P/N (Tape & Reel) in Part TP3 Old=Supplier P/N New=Supplier P/N (Tape & Reel)
Change Value of Parameter Datasheet in Part TP4 Old=HelpURL New=Datasheet
Change Value of Parameter Supplier P/N (Tape & Reel) in Part TP4 Old=Supplier P/N New=Supplier P/N (Tape & Reel)
Change Value of Parameter Datasheet in Part TP5 Old=HelpURL New=Datasheet
Change Value of Parameter Supplier P/N (Tape & Reel) in Part TP5 Old=Supplier P/N New=Supplier P/N (Tape & Reel)
Change Value of Parameter Datasheet in Part TP6 Old=HelpURL New=Datasheet
Change Value of Parameter Supplier P/N (Tape & Reel) in Part TP6 Old=Supplier P/N New=Supplier P/N (Tape & Reel)
Change Value of Parameter Datasheet in Part U1 Old=HelpURL New=Datasheet
Change Value of Parameter Supplier P/N (Tape & Reel) in Part U1 Old=Supplier P/N New=Supplier P/N (Tape & Reel)
Change Value of Parameter Datasheet in Part U2 Old=HelpURL New=Datasheet
Change Value of Parameter Supplier P/N (Tape & Reel) in Part U2 Old=Supplier P/N New=Supplier P/N (Tape & Reel)
Change Value of Parameter Datasheet in Part U3 Old=HelpURL New=Datasheet
Change Value of Parameter Supplier P/N (Tape & Reel) in Part U3 Old=Supplier P/N New=Supplier P/N (Tape & Reel)
