Change component parameters: Designator = "AH1" ("AH1"); Footprint = "AH_2.0MMD"; UniqueID = "\THTHKOPB" ("\THTHKOPB")
Change component parameters (AddParameter): Name = "Datasheet"; Value = ""; VariantName = "[No Variations]"
Change component parameters (AddParameter): Name = "Info"; Value = ""; VariantName = "[No Variations]"
Change component parameters (AddParameter): Name = "Manufacturer"; Value = ""; VariantName = "[No Variations]"
Change component parameters (AddParameter): Name = "Manufacturer P/N"; Value = ""; VariantName = "[No Variations]"
Change component parameters (AddParameter): Name = "RefDes"; Value = "RefDes"; VariantName = "[No Variations]"
Change component parameters (AddParameter): Name = "Supplier"; Value = ""; VariantName = "[No Variations]"
Change component parameters (AddParameter): Name = "Supplier P/N (Cut Tape)"; Value = ""; VariantName = "[No Variations]"
Change component parameters (AddParameter): Name = "Supplier P/N (Tape & Reel)"; Value = ""; VariantName = "[No Variations]"
Change component parameters (AddParameter): Name = "Supplier Web Page"; Value = ""; VariantName = "[No Variations]"
Change component parameters (AddParameter): Name = "Value"; Value = ""; VariantName = "[No Variations]"
Change component parameters: Designator = "AH2" ("AH2"); Footprint = "AH_2.0MMD"; UniqueID = "\VUDRRVWM" ("\VUDRRVWM")
Change component parameters (AddParameter): Name = "Datasheet"; Value = ""; VariantName = "[No Variations]"
Change component parameters (AddParameter): Name = "Info"; Value = ""; VariantName = "[No Variations]"
Change component parameters (AddParameter): Name = "Manufacturer"; Value = ""; VariantName = "[No Variations]"
Change component parameters (AddParameter): Name = "Manufacturer P/N"; Value = ""; VariantName = "[No Variations]"
Change component parameters (AddParameter): Name = "RefDes"; Value = "RefDes"; VariantName = "[No Variations]"
Change component parameters (AddParameter): Name = "Supplier"; Value = ""; VariantName = "[No Variations]"
Change component parameters (AddParameter): Name = "Supplier P/N (Cut Tape)"; Value = ""; VariantName = "[No Variations]"
Change component parameters (AddParameter): Name = "Supplier P/N (Tape & Reel)"; Value = ""; VariantName = "[No Variations]"
Change component parameters (AddParameter): Name = "Supplier Web Page"; Value = ""; VariantName = "[No Variations]"
Change component parameters (AddParameter): Name = "Value"; Value = ""; VariantName = "[No Variations]"
Change component parameters: Designator = "C1" ("C1"); Footprint = "C0805"; UniqueID = "\MHISEVCS" ("\MHISEVCS")
Change component parameters (AddParameter): Name = "Datasheet"; Value = "https://search.murata.co.jp/Ceramy/image/img/A01X/G101/ENG/GRM21BR61A476ME15-01.pdf"; VariantName = "[No Variations]"
Change component parameters (AddParameter): Name = "Info"; Value = "MLCC"; VariantName = "[No Variations]"
Change component parameters (AddParameter): Name = "Manufacturer"; Value = "Murata Electronics"; VariantName = "[No Variations]"
Change component parameters (AddParameter): Name = "Manufacturer P/N"; Value = "GRM21BR61A476ME15L"; VariantName = "[No Variations]"
Change component parameters (AddParameter): Name = "RefDes"; Value = "RefDes"; VariantName = "[No Variations]"
Change component parameters (AddParameter): Name = "Supplier"; Value = "Digikey"; VariantName = "[No Variations]"
Change component parameters (AddParameter): Name = "Supplier P/N (Cut Tape)"; Value = "490-9961-1-ND"; VariantName = "[No Variations]"
Change component parameters (AddParameter): Name = "Supplier P/N (Tape & Reel)"; Value = "490-9961-2-ND"; VariantName = "[No Variations]"
Change component parameters (AddParameter): Name = "Supplier Web Page"; Value = "https://www.digikey.com/en/products/detail/murata-electronics/GRM21BR61A476ME15L/4905529?s=N4IgTCBcDaIOICUCyYCMAhBA2VBBALAOxZICiqArADIgC6AvkA"; VariantName = "[No Variations]"
Change component parameters (AddParameter): Name = "Value"; Value = "47uF"; VariantName = "[No Variations]"
Change component parameters: Designator = "C2" ("C2"); Footprint = "C0805"; UniqueID = "\OBLCJPHM" ("\OBLCJPHM")
Change component parameters (AddParameter): Name = "Datasheet"; Value = "https://search.murata.co.jp/Ceramy/image/img/A01X/G101/ENG/GRM21BR61A476ME15-01.pdf"; VariantName = "[No Variations]"
Change component parameters (AddParameter): Name = "Info"; Value = "MLCC"; VariantName = "[No Variations]"
Change component parameters (AddParameter): Name = "Manufacturer"; Value = "Murata Electronics"; VariantName = "[No Variations]"
Change component parameters (AddParameter): Name = "Manufacturer P/N"; Value = "GRM21BR61A476ME15L"; VariantName = "[No Variations]"
Change component parameters (AddParameter): Name = "RefDes"; Value = "RefDes"; VariantName = "[No Variations]"
Change component parameters (AddParameter): Name = "Supplier"; Value = "Digikey"; VariantName = "[No Variations]"
Change component parameters (AddParameter): Name = "Supplier P/N (Cut Tape)"; Value = "490-9961-1-ND"; VariantName = "[No Variations]"
Change component parameters (AddParameter): Name = "Supplier P/N (Tape & Reel)"; Value = "490-9961-2-ND"; VariantName = "[No Variations]"
Change component parameters (AddParameter): Name = "Supplier Web Page"; Value = "https://www.digikey.com/en/products/detail/murata-electronics/GRM21BR61A476ME15L/4905529?s=N4IgTCBcDaIOICUCyYCMAhBA2VBBALAOxZICiqArADIgC6AvkA"; VariantName = "[No Variations]"
Change component parameters (AddParameter): Name = "Value"; Value = "47uF"; VariantName = "[No Variations]"
Change component parameters: Designator = "C3" ("C3"); Footprint = "C0805"; UniqueID = "\MJCVWYLZ" ("\MJCVWYLZ")
Change component parameters (AddParameter): Name = "Datasheet"; Value = "https://product.tdk.com/system/files/dam/doc/product/capacitor/ceramic/mlcc/catalog/mlcc_commercial_general_en.pdf"; VariantName = "[No Variations]"
Change component parameters (AddParameter): Name = "Info"; Value = "MLCC"; VariantName = "[No Variations]"
Change component parameters (AddParameter): Name = "Manufacturer"; Value = "TDK Corporation"; VariantName = "[No Variations]"
Change component parameters (AddParameter): Name = "Manufacturer P/N"; Value = "C2012X7R1H475K125AC"; VariantName = "[No Variations]"
Change component parameters (AddParameter): Name = "RefDes"; Value = "RefDes"; VariantName = "[No Variations]"
Change component parameters (AddParameter): Name = "Supplier"; Value = "Digikey"; VariantName = "[No Variations]"
Change component parameters (AddParameter): Name = "Supplier P/N (Cut Tape)"; Value = "445-C2012X7R1H475K125ACCT-ND"; VariantName = "[No Variations]"
Change component parameters (AddParameter): Name = "Supplier P/N (Tape & Reel)"; Value = "445-C2012X7R1H475K125ACTR-ND"; VariantName = "[No Variations]"
Change component parameters (AddParameter): Name = "Supplier Web Page"; Value = "https://www.digikey.com/en/products/detail/tdk-corporation/C2012X7R1H475K125AC/10413507?s=N4IgTCBcDaIMJgAwEYwA0DsAlZAJALBgKwDSqRAgnCALoC%2BQA"; VariantName = "[No Variations]"
Change component parameters (AddParameter): Name = "Value"; Value = "4.7uF"; VariantName = "[No Variations]"
Change component parameters: Designator = "C4" ("C4"); Footprint = "C0805"; UniqueID = "\HBCGKVEG" ("\HBCGKVEG")
Change component parameters (AddParameter): Name = "Datasheet"; Value = "https://search.murata.co.jp/Ceramy/image/img/A01X/G101/ENG/GCM033R71A103KA03-01A.pdf"; VariantName = "[No Variations]"
Change component parameters (AddParameter): Name = "Info"; Value = "MLCC"; VariantName = "[No Variations]"
Change component parameters (AddParameter): Name = "Manufacturer"; Value = "Murata Electronics"; VariantName = "[No Variations]"
Change component parameters (AddParameter): Name = "Manufacturer P/N"; Value = "GCM21BR72A104KA37L"; VariantName = "[No Variations]"
Change component parameters (AddParameter): Name = "RefDes"; Value = "RefDes"; VariantName = "[No Variations]"
Change component parameters (AddParameter): Name = "Supplier"; Value = "Digikey"; VariantName = "[No Variations]"
Change component parameters (AddParameter): Name = "Supplier P/N (Cut Tape)"; Value = "490-4789-1-ND"; VariantName = "[No Variations]"
Change component parameters (AddParameter): Name = "Supplier P/N (Tape & Reel)"; Value = "490-4789-2-ND"; VariantName = "[No Variations]"
Change component parameters (AddParameter): Name = "Supplier Web Page"; Value = "https://www.digikey.com/en/products/detail/murata-electronics/GCM21BR72A104KA37L/1641663?s=N4IgTCBcDaICwE4AMBaOB2AHAlA2FAcgCIgC6AvkA"; VariantName = "[No Variations]"
Change component parameters (AddParameter): Name = "Value"; Value = "0.1uF"; VariantName = "[No Variations]"
Change component parameters: Designator = "C5" ("C5"); Footprint = "C0805"; UniqueID = "\UGAHUBIT" ("\UGAHUBIT")
Change component parameters (AddParameter): Name = "Datasheet"; Value = "https://product.tdk.com/system/files/dam/doc/product/capacitor/ceramic/mlcc/catalog/mlcc_commercial_general_en.pdf"; VariantName = "[No Variations]"
Change component parameters (AddParameter): Name = "Info"; Value = "MLCC"; VariantName = "[No Variations]"
Change component parameters (AddParameter): Name = "Manufacturer"; Value = "TDK Corporation"; VariantName = "[No Variations]"
Change component parameters (AddParameter): Name = "Manufacturer P/N"; Value = "C2012X7R1H475K125AC"; VariantName = "[No Variations]"
Change component parameters (AddParameter): Name = "RefDes"; Value = "RefDes"; VariantName = "[No Variations]"
Change component parameters (AddParameter): Name = "Supplier"; Value = "Digikey"; VariantName = "[No Variations]"
Change component parameters (AddParameter): Name = "Supplier P/N (Cut Tape)"; Value = "445-C2012X7R1H475K125ACCT-ND"; VariantName = "[No Variations]"
Change component parameters (AddParameter): Name = "Supplier P/N (Tape & Reel)"; Value = "445-C2012X7R1H475K125ACTR-ND"; VariantName = "[No Variations]"
Change component parameters (AddParameter): Name = "Supplier Web Page"; Value = "https://www.digikey.com/en/products/detail/tdk-corporation/C2012X7R1H475K125AC/10413507?s=N4IgTCBcDaIMJgAwEYwA0DsAlZAJALBgKwDSqRAgnCALoC%2BQA"; VariantName = "[No Variations]"
Change component parameters (AddParameter): Name = "Value"; Value = "4.7uF"; VariantName = "[No Variations]"
Change component parameters: Designator = "C6" ("C6"); Footprint = "C0805"; UniqueID = "\PTVCFDAY" ("\PTVCFDAY")
Change component parameters (AddParameter): Name = "Datasheet"; Value = "https://search.murata.co.jp/Ceramy/image/img/A01X/G101/ENG/GCM033R71A103KA03-01A.pdf"; VariantName = "[No Variations]"
Change component parameters (AddParameter): Name = "Info"; Value = "MLCC"; VariantName = "[No Variations]"
Change component parameters (AddParameter): Name = "Manufacturer"; Value = "Murata Electronics"; VariantName = "[No Variations]"
Change component parameters (AddParameter): Name = "Manufacturer P/N"; Value = "GCM21BR72A104KA37L"; VariantName = "[No Variations]"
Change component parameters (AddParameter): Name = "RefDes"; Value = "RefDes"; VariantName = "[No Variations]"
Change component parameters (AddParameter): Name = "Supplier"; Value = "Digikey"; VariantName = "[No Variations]"
Change component parameters (AddParameter): Name = "Supplier P/N (Cut Tape)"; Value = "490-4789-1-ND"; VariantName = "[No Variations]"
Change component parameters (AddParameter): Name = "Supplier P/N (Tape & Reel)"; Value = "490-4789-2-ND"; VariantName = "[No Variations]"
Change component parameters (AddParameter): Name = "Supplier Web Page"; Value = "https://www.digikey.com/en/products/detail/murata-electronics/GCM21BR72A104KA37L/1641663?s=N4IgTCBcDaICwE4AMBaOB2AHAlA2FAcgCIgC6AvkA"; VariantName = "[No Variations]"
Change component parameters (AddParameter): Name = "Value"; Value = "0.1uF"; VariantName = "[No Variations]"
Change component parameters: Designator = "C7" ("C7"); Footprint = "C0805"; UniqueID = "\KOBBCIDP" ("\KOBBCIDP")
Change component parameters (AddParameter): Name = "Datasheet"; Value = "https://connect.kemet.com:7667/gateway/IntelliData-ComponentDocumentation/1.0/download/datasheet/C0805C105J4RACTU"; VariantName = "[No Variations]"
Change component parameters (AddParameter): Name = "Info"; Value = "MLCC"; VariantName = "[No Variations]"
Change component parameters (AddParameter): Name = "Manufacturer"; Value = "KEMET"; VariantName = "[No Variations]"
Change component parameters (AddParameter): Name = "Manufacturer P/N"; Value = "C0805C105J4RAC7800"; VariantName = "[No Variations]"
Change component parameters (AddParameter): Name = "RefDes"; Value = "RefDes"; VariantName = "[No Variations]"
Change component parameters (AddParameter): Name = "Supplier"; Value = "Digikey"; VariantName = "[No Variations]"
Change component parameters (AddParameter): Name = "Supplier P/N (Cut Tape)"; Value = "399-C0805C105J4RAC7800CT-ND"; VariantName = "[No Variations]"
Change component parameters (AddParameter): Name = "Supplier P/N (Tape & Reel)"; Value = "399-C0805C105J4RAC7800TR-ND"; VariantName = "[No Variations]"
Change component parameters (AddParameter): Name = "Supplier Web Page"; Value = "https://www.digikey.com/en/products/detail/kemet/C0805C105J4RAC7800/2211759?s=N4IgTCBcDaIMIAYAcCCscCMaBSAWASgIJwDsKCIAugL5A"; VariantName = "[No Variations]"
Change component parameters (AddParameter): Name = "Value"; Value = "1uF"; VariantName = "[No Variations]"
Change component parameters: Designator = "C8" ("C8"); Footprint = "C0805"; UniqueID = "\YLYZQZRG" ("\YLYZQZRG")
Change component parameters (AddParameter): Name = "Datasheet"; Value = "https://content.kemet.com/datasheets/KEM_C1090_X7R_ESD.pdf"; VariantName = "[No Variations]"
Change component parameters (AddParameter): Name = "Info"; Value = "MLCC"; VariantName = "[No Variations]"
Change component parameters (AddParameter): Name = "Manufacturer"; Value = "KEMET"; VariantName = "[No Variations]"
Change component parameters (AddParameter): Name = "Manufacturer P/N"; Value = "C0805C225J4REC7800"; VariantName = "[No Variations]"
Change component parameters (AddParameter): Name = "RefDes"; Value = "RefDes"; VariantName = "[No Variations]"
Change component parameters (AddParameter): Name = "Supplier"; Value = "Digikey"; VariantName = "[No Variations]"
Change component parameters (AddParameter): Name = "Supplier P/N (Cut Tape)"; Value = "399-C0805C225J4REC7800CT-ND"; VariantName = "[No Variations]"
Change component parameters (AddParameter): Name = "Supplier P/N (Tape & Reel)"; Value = "399-C0805C225J4REC7800TR-ND"; VariantName = "[No Variations]"
Change component parameters (AddParameter): Name = "Supplier Web Page"; Value = "https://www.digikey.com/en/products/detail/kemet/C0805C225J4REC7800/8643702?s=N4IgTCBcDaIMIAYAcCCscxlQKQCwCUBROAdhQRAF0BfIA"; VariantName = "[No Variations]"
Change component parameters (AddParameter): Name = "Value"; Value = "2.2uF"; VariantName = "[No Variations]"
Change component parameters: Designator = "D1" ("D1"); Footprint = "LED 0805"; UniqueID = "\WVXDRRPG" ("\WVXDRRPG")
Change component parameters (AddParameter): Name = "Datasheet"; Value = "https://www.we-online.com/components/products/datasheet/150080BS75000.pdf"; VariantName = "[No Variations]"
Change component parameters (AddParameter): Name = "Info"; Value = "Id = 0.5 Inom (10mA)"; VariantName = "[No Variations]"
Change component parameters (AddParameter): Name = "Manufacturer"; Value = "Würth Elektronik"; VariantName = "[No Variations]"
Change component parameters (AddParameter): Name = "Manufacturer P/N"; Value = "150080BS75000"; VariantName = "[No Variations]"
Change component parameters (AddParameter): Name = "RefDes"; Value = "RefDes"; VariantName = "[No Variations]"
Change component parameters (AddParameter): Name = "Supplier"; Value = "Digikey"; VariantName = "[No Variations]"
Change component parameters (AddParameter): Name = "Supplier P/N (Cut Tape)"; Value = "732-4982-1-ND"; VariantName = "[No Variations]"
Change component parameters (AddParameter): Name = "Supplier P/N (Tape & Reel)"; Value = "732-4982-2-ND"; VariantName = "[No Variations]"
Change component parameters (AddParameter): Name = "Supplier Web Page"; Value = "https://www.digikey.com/en/products/detail/w%C3%BCrth-elektronik/150080BS75000/4489912"; VariantName = "[No Variations]"
Change component parameters (AddParameter): Name = "Value"; Value = "Blue Led 0805"; VariantName = "[No Variations]"
Change component parameters: Designator = "J1" ("J1"); Footprint = "AMPHENOL_12401598E4#2A"; UniqueID = "\DODIOYAP" ("\DODIOYAP")
Change component parameters (AddParameter): Name = "Datasheet"; Value = "https://www.amphenol-cs.com/media/wysiwyg/files/drawing/12401598xxx2a.pdf"; VariantName = "[No Variations]"
Change component parameters (AddParameter): Name = "Info"; Value = "USB Type-C SMD Receptacle"; VariantName = "[No Variations]"
Change component parameters (AddParameter): Name = "Manufacturer"; Value = "Amphenol ICC (Commercial Products)"; VariantName = "[No Variations]"
Change component parameters (AddParameter): Name = "Manufacturer P/N"; Value = "12401598E4#2A"; VariantName = "[No Variations]"
Change component parameters (AddParameter): Name = "RefDes"; Value = "RefDes"; VariantName = "[No Variations]"
Change component parameters (AddParameter): Name = "Supplier"; Value = "Digikey"; VariantName = "[No Variations]"
Change component parameters (AddParameter): Name = "Supplier P/N (Cut Tape)"; Value = "12401598E4#2ACT-ND"; VariantName = "[No Variations]"
Change component parameters (AddParameter): Name = "Supplier P/N (Tape & Reel)"; Value = "12401598E4#2ATR-ND"; VariantName = "[No Variations]"
Change component parameters (AddParameter): Name = "Supplier Web Page"; Value = "https://www.digikey.com/en/products/detail/amphenol-icc-commercial-products/12401598e4-2a/6051823"; VariantName = "[No Variations]"
Change component parameters (AddParameter): Name = "Value"; Value = "CONN RCP USB3.1 TYPEC 24P SMD RA"; VariantName = "[No Variations]"
Change component parameters: Designator = "J2" ("J2"); Footprint = "1725698"; UniqueID = "\QYPBDPJU" ("\QYPBDPJU")
Change component parameters (AddParameter): Name = "Datasheet"; Value = "https://www.phoenixcontact.com/en-us/products/printed-circuit-board-terminal-mpt-05-6-254-1725698?type=pdf"; VariantName = "[No Variations]"
Change component parameters (AddParameter): Name = "Info"; Value = "Borne 6pos 6A e=2,54"; VariantName = "[No Variations]"
Change component parameters (AddParameter): Name = "Manufacturer"; Value = "Phoenix Contact"; VariantName = "[No Variations]"
Change component parameters (AddParameter): Name = "Manufacturer P/N"; Value = "1725698"; VariantName = "[No Variations]"
Change component parameters (AddParameter): Name = "RefDes"; Value = "RefDes"; VariantName = "[No Variations]"
Change component parameters (AddParameter): Name = "Supplier"; Value = "Digikey"; VariantName = "[No Variations]"
Change component parameters (AddParameter): Name = "Supplier P/N (Cut Tape)"; Value = "277-1277-ND"; VariantName = "[No Variations]"
Change component parameters (AddParameter): Name = "Supplier P/N (Tape & Reel)"; Value = "277-1277-ND"; VariantName = "[No Variations]"
Change component parameters (AddParameter): Name = "Supplier Web Page"; Value = "https://www.digikey.com/en/products/detail/phoenix-contact/1725698/267466"; VariantName = "[No Variations]"
Change component parameters (AddParameter): Name = "Value"; Value = "MPT 0,5/ 6-2,54"; VariantName = "[No Variations]"
Change component parameters: Designator = "JP1" ("JP1"); Footprint = "JMP-3-PTH-180"; UniqueID = "\EWHCHRCT" ("\EWHCHRCT")
Change component parameters (AddParameter): Name = "Datasheet"; Value = "https://www.we-online.com/components/products/datasheet/61300311121.pdf"; VariantName = "[No Variations]"
Change component parameters (AddParameter): Name = "Info"; Value = "0.1" Pin header 1x3"; VariantName = "[No Variations]"
Change component parameters (AddParameter): Name = "Manufacturer"; Value = "Würth Elektronik"; VariantName = "[No Variations]"
Change component parameters (AddParameter): Name = "Manufacturer P/N"; Value = "61300311121"; VariantName = "[No Variations]"
Change component parameters (AddParameter): Name = "RefDes"; Value = "RefDes"; VariantName = "[No Variations]"
Change component parameters (AddParameter): Name = "Supplier"; Value = "Digikey"; VariantName = "[No Variations]"
Change component parameters (AddParameter): Name = "Supplier P/N (Cut Tape)"; Value = "732-5316-ND"; VariantName = "[No Variations]"
Change component parameters (AddParameter): Name = "Supplier P/N (Tape & Reel)"; Value = "732-5316-ND"; VariantName = "[No Variations]"
Change component parameters (AddParameter): Name = "Supplier Web Page"; Value = "https://www.digikey.com/en/products/detail/w%C3%BCrth-elektronik/61300311121/4846825"; VariantName = "[No Variations]"
Change component parameters (AddParameter): Name = "Value"; Value = "Header 3 Pin"; VariantName = "[No Variations]"
Change component parameters: Designator = "JP2" ("JP2"); Footprint = "JMP-3-PTH-180"; UniqueID = "\LKQUFHFP" ("\LKQUFHFP")
Change component parameters (AddParameter): Name = "Datasheet"; Value = "https://www.we-online.com/components/products/datasheet/61300311121.pdf"; VariantName = "[No Variations]"
Change component parameters (AddParameter): Name = "Info"; Value = "0.1" Pin header 1x3"; VariantName = "[No Variations]"
Change component parameters (AddParameter): Name = "Manufacturer"; Value = "Würth Elektronik"; VariantName = "[No Variations]"
Change component parameters (AddParameter): Name = "Manufacturer P/N"; Value = "61300311121"; VariantName = "[No Variations]"
Change component parameters (AddParameter): Name = "RefDes"; Value = "RefDes"; VariantName = "[No Variations]"
Change component parameters (AddParameter): Name = "Supplier"; Value = "Digikey"; VariantName = "[No Variations]"
Change component parameters (AddParameter): Name = "Supplier P/N (Cut Tape)"; Value = "732-5316-ND"; VariantName = "[No Variations]"
Change component parameters (AddParameter): Name = "Supplier P/N (Tape & Reel)"; Value = "732-5316-ND"; VariantName = "[No Variations]"
Change component parameters (AddParameter): Name = "Supplier Web Page"; Value = "https://www.digikey.com/en/products/detail/w%C3%BCrth-elektronik/61300311121/4846825"; VariantName = "[No Variations]"
Change component parameters (AddParameter): Name = "Value"; Value = "Header 3 Pin"; VariantName = "[No Variations]"
Change component parameters: Designator = "JP3" ("JP3"); Footprint = "JMP-3-PTH-180"; UniqueID = "\DFOSOBKB" ("\DFOSOBKB")
Change component parameters (AddParameter): Name = "Datasheet"; Value = "https://www.we-online.com/components/products/datasheet/61300311121.pdf"; VariantName = "[No Variations]"
Change component parameters (AddParameter): Name = "Info"; Value = "0.1" Pin header 1x3"; VariantName = "[No Variations]"
Change component parameters (AddParameter): Name = "Manufacturer"; Value = "Würth Elektronik"; VariantName = "[No Variations]"
Change component parameters (AddParameter): Name = "Manufacturer P/N"; Value = "61300311121"; VariantName = "[No Variations]"
Change component parameters (AddParameter): Name = "RefDes"; Value = "RefDes"; VariantName = "[No Variations]"
Change component parameters (AddParameter): Name = "Supplier"; Value = "Digikey"; VariantName = "[No Variations]"
Change component parameters (AddParameter): Name = "Supplier P/N (Cut Tape)"; Value = "732-5316-ND"; VariantName = "[No Variations]"
Change component parameters (AddParameter): Name = "Supplier P/N (Tape & Reel)"; Value = "732-5316-ND"; VariantName = "[No Variations]"
Change component parameters (AddParameter): Name = "Supplier Web Page"; Value = "https://www.digikey.com/en/products/detail/w%C3%BCrth-elektronik/61300311121/4846825"; VariantName = "[No Variations]"
Change component parameters (AddParameter): Name = "Value"; Value = "Header 3 Pin"; VariantName = "[No Variations]"
Change component parameters: Designator = "JP4" ("JP4"); Footprint = "JMP-3-PTH-180"; UniqueID = "\IGVTLTZP" ("\IGVTLTZP")
Change component parameters (AddParameter): Name = "Datasheet"; Value = "https://www.we-online.com/components/products/datasheet/61300311121.pdf"; VariantName = "[No Variations]"
Change component parameters (AddParameter): Name = "Info"; Value = "0.1" Pin header 1x3"; VariantName = "[No Variations]"
Change component parameters (AddParameter): Name = "Manufacturer"; Value = "Würth Elektronik"; VariantName = "[No Variations]"
Change component parameters (AddParameter): Name = "Manufacturer P/N"; Value = "61300311121"; VariantName = "[No Variations]"
Change component parameters (AddParameter): Name = "RefDes"; Value = "RefDes"; VariantName = "[No Variations]"
Change component parameters (AddParameter): Name = "Supplier"; Value = "Digikey"; VariantName = "[No Variations]"
Change component parameters (AddParameter): Name = "Supplier P/N (Cut Tape)"; Value = "732-5316-ND"; VariantName = "[No Variations]"
Change component parameters (AddParameter): Name = "Supplier P/N (Tape & Reel)"; Value = "732-5316-ND"; VariantName = "[No Variations]"
Change component parameters (AddParameter): Name = "Supplier Web Page"; Value = "https://www.digikey.com/en/products/detail/w%C3%BCrth-elektronik/61300311121/4846825"; VariantName = "[No Variations]"
Change component parameters (AddParameter): Name = "Value"; Value = "Header 3 Pin"; VariantName = "[No Variations]"
Change component parameters: Designator = "Q1" ("Q1"); Footprint = "SOT-23"; UniqueID = "\DXKNUMTQ" ("\DXKNUMTQ")
Change component parameters (AddParameter): Name = "Datasheet"; Value = "https://www.onsemi.com/pdf/datasheet/bss64lt1-d.pdf"; VariantName = "[No Variations]"
Change component parameters (AddParameter): Name = "Info"; Value = "VCEsat max 200mV"; VariantName = "[No Variations]"
Change component parameters (AddParameter): Name = "Manufacturer"; Value = "onsemi"; VariantName = "[No Variations]"
Change component parameters (AddParameter): Name = "Manufacturer P/N"; Value = "BSS64LT1G"; VariantName = "[No Variations]"
Change component parameters (AddParameter): Name = "RefDes"; Value = "RefDes"; VariantName = "[No Variations]"
Change component parameters (AddParameter): Name = "Supplier"; Value = "Digikey"; VariantName = "[No Variations]"
Change component parameters (AddParameter): Name = "Supplier P/N (Cut Tape)"; Value = "BSS64LT1GOSCT-ND"; VariantName = "[No Variations]"
Change component parameters (AddParameter): Name = "Supplier P/N (Tape & Reel)"; Value = "BSS64LT1GOSTR-ND"; VariantName = "[No Variations]"
Change component parameters (AddParameter): Name = "Supplier Web Page"; Value = "https://www.digikey.com/en/products/detail/onsemi/BSS64LT1G/1476267?s=N4IgTCBcDaIEIGUEDYAsAZAKgRgOIgF0BfIA"; VariantName = "[No Variations]"
Change component parameters (AddParameter): Name = "Value"; Value = "BSS64LT1G"; VariantName = "[No Variations]"
Change component parameters: Designator = "Q2" ("Q2"); Footprint = "SOT-23"; UniqueID = "\ASYCDQAO" ("\ASYCDQAO")
Change component parameters (AddParameter): Name = "Datasheet"; Value = "https://www.onsemi.com/pdf/datasheet/bss64lt1-d.pdf"; VariantName = "[No Variations]"
Change component parameters (AddParameter): Name = "Info"; Value = "VCEsat max 200mV"; VariantName = "[No Variations]"
Change component parameters (AddParameter): Name = "Manufacturer"; Value = "onsemi"; VariantName = "[No Variations]"
Change component parameters (AddParameter): Name = "Manufacturer P/N"; Value = "BSS64LT1G"; VariantName = "[No Variations]"
Change component parameters (AddParameter): Name = "RefDes"; Value = "RefDes"; VariantName = "[No Variations]"
Change component parameters (AddParameter): Name = "Supplier"; Value = "Digikey"; VariantName = "[No Variations]"
Change component parameters (AddParameter): Name = "Supplier P/N (Cut Tape)"; Value = "BSS64LT1GOSCT-ND"; VariantName = "[No Variations]"
Change component parameters (AddParameter): Name = "Supplier P/N (Tape & Reel)"; Value = "BSS64LT1GOSTR-ND"; VariantName = "[No Variations]"
Change component parameters (AddParameter): Name = "Supplier Web Page"; Value = "https://www.digikey.com/en/products/detail/onsemi/BSS64LT1G/1476267?s=N4IgTCBcDaIEIGUEDYAsAZAKgRgOIgF0BfIA"; VariantName = "[No Variations]"
Change component parameters (AddParameter): Name = "Value"; Value = "BSS64LT1G"; VariantName = "[No Variations]"
Change component parameters: Designator = "R1" ("R1"); Footprint = "R0805"; UniqueID = "\ZKEMQWIM" ("\ZKEMQWIM")
Change component parameters (AddParameter): Name = "Datasheet"; Value = "https://www.seielect.com/catalog/sei-rncp.pdf"; VariantName = "[No Variations]"
Change component parameters (AddParameter): Name = "Info"; Value = "1% 100 PPM"; VariantName = "[No Variations]"
Change component parameters (AddParameter): Name = "Manufacturer"; Value = "Stackpole Electronics Inc"; VariantName = "[No Variations]"
Change component parameters (AddParameter): Name = "Manufacturer P/N"; Value = "RNCP0805FTD180R"; VariantName = "[No Variations]"
Change component parameters (AddParameter): Name = "RefDes"; Value = "RefDes"; VariantName = "[No Variations]"
Change component parameters (AddParameter): Name = "Supplier"; Value = "Digikey"; VariantName = "[No Variations]"
Change component parameters (AddParameter): Name = "Supplier P/N (Cut Tape)"; Value = "RNCP0805FTD180RCT-ND"; VariantName = "[No Variations]"
Change component parameters (AddParameter): Name = "Supplier P/N (Tape & Reel)"; Value = "RNCP0805FTD180RTR-ND"; VariantName = "[No Variations]"
Change component parameters (AddParameter): Name = "Supplier Web Page"; Value = "https://www.digikey.com/en/products/detail/stackpole-electronics-inc/RNCP0805FTD180R/2240212"; VariantName = "[No Variations]"
Change component parameters (AddParameter): Name = "Value"; Value = "180R"; VariantName = "[No Variations]"
Change component parameters: Designator = "R2" ("R2"); Footprint = "R0805"; UniqueID = "\IVVORZTH" ("\IVVORZTH")
Change component parameters (AddParameter): Name = "Datasheet"; Value = "https://www.yageo.com/upload/media/product/products/datasheet/rchip/PYu-RC_Group_51_RoHS_L_12.pdf"; VariantName = "[No Variations]"
Change component parameters (AddParameter): Name = "Info"; Value = "1% 100 PPM"; VariantName = "[No Variations]"
Change component parameters (AddParameter): Name = "Manufacturer"; Value = "YAGEO"; VariantName = "[No Variations]"
Change component parameters (AddParameter): Name = "Manufacturer P/N"; Value = "RC0805FR-0721KL"; VariantName = "[No Variations]"
Change component parameters (AddParameter): Name = "RefDes"; Value = "RefDes"; VariantName = "[No Variations]"
Change component parameters (AddParameter): Name = "Supplier"; Value = "Digikey"; VariantName = "[No Variations]"
Change component parameters (AddParameter): Name = "Supplier P/N (Cut Tape)"; Value = "311-21.0KCRCT-ND"; VariantName = "[No Variations]"
Change component parameters (AddParameter): Name = "Supplier P/N (Tape & Reel)"; Value = "311-21.0KCRTR-ND"; VariantName = "[No Variations]"
Change component parameters (AddParameter): Name = "Supplier Web Page"; Value = "https://www.digikey.com/en/products/detail/yageo/RC0805FR-0721KL/727728"; VariantName = "[No Variations]"
Change component parameters (AddParameter): Name = "Value"; Value = "21K"; VariantName = "[No Variations]"
Change component parameters: Designator = "R3" ("R3"); Footprint = "R0805"; UniqueID = "\HAYDZIRI" ("\HAYDZIRI")
Change component parameters (AddParameter): Name = "Datasheet"; Value = "https://www.vishay.com/docs/20035/dcrcwe3.pdf"; VariantName = "[No Variations]"
Change component parameters (AddParameter): Name = "Info"; Value = "1% 100 PPM"; VariantName = "[No Variations]"
Change component parameters (AddParameter): Name = "Manufacturer"; Value = "Vishay Dale"; VariantName = "[No Variations]"
Change component parameters (AddParameter): Name = "Manufacturer P/N"; Value = "CRCW08051K07FKEA"; VariantName = "[No Variations]"
Change component parameters (AddParameter): Name = "RefDes"; Value = "RefDes"; VariantName = "[No Variations]"
Change component parameters (AddParameter): Name = "Supplier"; Value = "Digikey"; VariantName = "[No Variations]"
Change component parameters (AddParameter): Name = "Supplier P/N (Cut Tape)"; Value = "541-1.07KCCT-ND"; VariantName = "[No Variations]"
Change component parameters (AddParameter): Name = "Supplier P/N (Tape & Reel)"; Value = "541-1.07KCTR-ND"; VariantName = "[No Variations]"
Change component parameters (AddParameter): Name = "Supplier Web Page"; Value = "https://www.digikey.com/en/products/detail/vishay-dale/CRCW08051K07FKEA/1175640"; VariantName = "[No Variations]"
Change component parameters (AddParameter): Name = "Value"; Value = "1K07"; VariantName = "[No Variations]"
Change component parameters: Designator = "R4" ("R4"); Footprint = "R0805"; UniqueID = "\HNQOXERL" ("\HNQOXERL")
Change component parameters (AddParameter): Name = "Datasheet"; Value = "https://www.yageo.com/upload/media/product/products/datasheet/rchip/PYu-RC_Group_51_RoHS_L_12.pdf"; VariantName = "[No Variations]"
Change component parameters (AddParameter): Name = "Info"; Value = "1% 100 PPM"; VariantName = "[No Variations]"
Change component parameters (AddParameter): Name = "Manufacturer"; Value = "YAGEO"; VariantName = "[No Variations]"
Change component parameters (AddParameter): Name = "Manufacturer P/N"; Value = "RC0805FR-0748K7L"; VariantName = "[No Variations]"
Change component parameters (AddParameter): Name = "RefDes"; Value = "RefDes"; VariantName = "[No Variations]"
Change component parameters (AddParameter): Name = "Supplier"; Value = "Digikey"; VariantName = "[No Variations]"
Change component parameters (AddParameter): Name = "Supplier P/N (Cut Tape)"; Value = "311-48.7KCRCT-ND"; VariantName = "[No Variations]"
Change component parameters (AddParameter): Name = "Supplier P/N (Tape & Reel)"; Value = "311-48.7KCRTR-ND"; VariantName = "[No Variations]"
Change component parameters (AddParameter): Name = "Supplier Web Page"; Value = "https://www.digikey.com/en/products/detail/yageo/RC0805FR-0748K7L/727981"; VariantName = "[No Variations]"
Change component parameters (AddParameter): Name = "Value"; Value = "48K7"; VariantName = "[No Variations]"
Change component parameters: Designator = "R5" ("R5"); Footprint = "R0805"; UniqueID = "\YKWRUZIA" ("\YKWRUZIA")
Change component parameters (AddParameter): Name = "Datasheet"; Value = "https://www.yageo.com/upload/media/product/products/datasheet/rchip/PYu-RC_Group_51_RoHS_L_12.pdf"; VariantName = "[No Variations]"
Change component parameters (AddParameter): Name = "Info"; Value = "1% 100 PPM"; VariantName = "[No Variations]"
Change component parameters (AddParameter): Name = "Manufacturer"; Value = "YAGEO"; VariantName = "[No Variations]"
Change component parameters (AddParameter): Name = "Manufacturer P/N"; Value = "RC0805FR-075K1L"; VariantName = "[No Variations]"
Change component parameters (AddParameter): Name = "RefDes"; Value = "RefDes"; VariantName = "[No Variations]"
Change component parameters (AddParameter): Name = "Supplier"; Value = "Digikey"; VariantName = "[No Variations]"
Change component parameters (AddParameter): Name = "Supplier P/N (Cut Tape)"; Value = "311-5.10KCRCT-ND"; VariantName = "[No Variations]"
Change component parameters (AddParameter): Name = "Supplier P/N (Tape & Reel)"; Value = "311-5.10KCRTR-ND"; VariantName = "[No Variations]"
Change component parameters (AddParameter): Name = "Supplier Web Page"; Value = "https://www.digikey.com/en/products/detail/yageo/RC0805FR-075K1L/727988"; VariantName = "[No Variations]"
Change component parameters (AddParameter): Name = "Value"; Value = "5K1"; VariantName = "[No Variations]"
Change component parameters: Designator = "R6" ("R6"); Footprint = "R0805"; UniqueID = "\FAMFTUIM" ("\FAMFTUIM")
Change component parameters (AddParameter): Name = "Datasheet"; Value = "https://www.yageo.com/upload/media/product/products/datasheet/rchip/PYu-RC_Group_51_RoHS_L_12.pdf"; VariantName = "[No Variations]"
Change component parameters (AddParameter): Name = "Info"; Value = "1% 100 PPM"; VariantName = "[No Variations]"
Change component parameters (AddParameter): Name = "Manufacturer"; Value = "YAGEO"; VariantName = "[No Variations]"
Change component parameters (AddParameter): Name = "Manufacturer P/N"; Value = "RC0805FR-075K1L"; VariantName = "[No Variations]"
Change component parameters (AddParameter): Name = "RefDes"; Value = "RefDes"; VariantName = "[No Variations]"
Change component parameters (AddParameter): Name = "Supplier"; Value = "Digikey"; VariantName = "[No Variations]"
Change component parameters (AddParameter): Name = "Supplier P/N (Cut Tape)"; Value = "311-5.10KCRCT-ND"; VariantName = "[No Variations]"
Change component parameters (AddParameter): Name = "Supplier P/N (Tape & Reel)"; Value = "311-5.10KCRTR-ND"; VariantName = "[No Variations]"
Change component parameters (AddParameter): Name = "Supplier Web Page"; Value = "https://www.digikey.com/en/products/detail/yageo/RC0805FR-075K1L/727988"; VariantName = "[No Variations]"
Change component parameters (AddParameter): Name = "Value"; Value = "5K1"; VariantName = "[No Variations]"
Change component parameters: Designator = "R7" ("R7"); Footprint = "R0805"; UniqueID = "\FZZQJRVF" ("\FZZQJRVF")
Change component parameters (AddParameter): Name = "Datasheet"; Value = "https://www.seielect.com/catalog/sei-rmcf_rmcp.pdf"; VariantName = "[No Variations]"
Change component parameters (AddParameter): Name = "Info"; Value = "1% 100PPM"; VariantName = "[No Variations]"
Change component parameters (AddParameter): Name = "Manufacturer"; Value = "Stackpole Electronics Inc"; VariantName = "[No Variations]"
Change component parameters (AddParameter): Name = "Manufacturer P/N"; Value = "RMCF0805FT10K0"; VariantName = "[No Variations]"
Change component parameters (AddParameter): Name = "RefDes"; Value = "RefDes"; VariantName = "[No Variations]"
Change component parameters (AddParameter): Name = "Supplier"; Value = "Digikey"; VariantName = "[No Variations]"
Change component parameters (AddParameter): Name = "Supplier P/N (Cut Tape)"; Value = "RMCF0805FT10K0CT-ND"; VariantName = "[No Variations]"
Change component parameters (AddParameter): Name = "Supplier P/N (Tape & Reel)"; Value = "RMCF0805FT10K0TR-ND"; VariantName = "[No Variations]"
Change component parameters (AddParameter): Name = "Supplier Web Page"; Value = "https://www.digikey.com/en/products/detail/stackpole-electronics-inc/RMCF0805FT10K0/1760676"; VariantName = "[No Variations]"
Change component parameters (AddParameter): Name = "Value"; Value = "10K"; VariantName = "[No Variations]"
Change component parameters: Designator = "R10" ("R10"); Footprint = "R0805"; UniqueID = "\KGUFCTJV" ("\KGUFCTJV")
Change component parameters (AddParameter): Name = "Datasheet"; Value = "https://www.seielect.com/catalog/sei-rmcf_rmcp.pdf"; VariantName = "[No Variations]"
Change component parameters (AddParameter): Name = "Info"; Value = "1% 100PPM"; VariantName = "[No Variations]"
Change component parameters (AddParameter): Name = "Manufacturer"; Value = "Stackpole Electronics Inc"; VariantName = "[No Variations]"
Change component parameters (AddParameter): Name = "Manufacturer P/N"; Value = "RMCF0805FT10K0"; VariantName = "[No Variations]"
Change component parameters (AddParameter): Name = "RefDes"; Value = "RefDes"; VariantName = "[No Variations]"
Change component parameters (AddParameter): Name = "Supplier"; Value = "Digikey"; VariantName = "[No Variations]"
Change component parameters (AddParameter): Name = "Supplier P/N (Cut Tape)"; Value = "RMCF0805FT10K0CT-ND"; VariantName = "[No Variations]"
Change component parameters (AddParameter): Name = "Supplier P/N (Tape & Reel)"; Value = "RMCF0805FT10K0TR-ND"; VariantName = "[No Variations]"
Change component parameters (AddParameter): Name = "Supplier Web Page"; Value = "https://www.digikey.com/en/products/detail/stackpole-electronics-inc/RMCF0805FT10K0/1760676"; VariantName = "[No Variations]"
Change component parameters (AddParameter): Name = "Value"; Value = "10K"; VariantName = "[No Variations]"
Change component parameters: Designator = "T1" ("T1"); Footprint = "744232090"; UniqueID = "\ENLIOZSI" ("\ENLIOZSI")
Change component parameters (AddParameter): Name = "Datasheet"; Value = "https://www.we-online.com/components/products/datasheet/744232090.pdf"; VariantName = "[No Variations]"
Change component parameters (AddParameter): Name = "Info"; Value = "EMI Trafo"; VariantName = "[No Variations]"
Change component parameters (AddParameter): Name = "Manufacturer"; Value = "Würth Elektronik"; VariantName = "[No Variations]"
Change component parameters (AddParameter): Name = "Manufacturer P/N"; Value = "744232090"; VariantName = "[No Variations]"
Change component parameters (AddParameter): Name = "RefDes"; Value = "RefDes"; VariantName = "[No Variations]"
Change component parameters (AddParameter): Name = "Supplier"; Value = "Digikey"; VariantName = "[No Variations]"
Change component parameters (AddParameter): Name = "Supplier P/N (Cut Tape)"; Value = "732-1469-1-ND"; VariantName = "[No Variations]"
Change component parameters (AddParameter): Name = "Supplier P/N (Tape & Reel)"; Value = "732-1469-2-ND"; VariantName = "[No Variations]"
Change component parameters (AddParameter): Name = "Supplier Web Page"; Value = "https://www.digikey.com/en/products/detail/w%C3%BCrth-elektronik/744232090/1638873?s=N4IgTCBcDaIOwGYwFoCMAWAbATmZ5AcgCIgC6AvkA"; VariantName = "[No Variations]"
Change component parameters (AddParameter): Name = "Value"; Value = "CMC 370MA 2LN 90OHM SMD AEC-Q200"; VariantName = "[No Variations]"
Change component parameters: Designator = "TP2" ("TP2"); Footprint = "TP"; UniqueID = "\MGVDGFYD" ("\MGVDGFYD")
Change component parameters (AddParameter): Name = "Datasheet"; Value = ""; VariantName = "[No Variations]"
Change component parameters (AddParameter): Name = "Info"; Value = ""; VariantName = "[No Variations]"
Change component parameters (AddParameter): Name = "Manufacturer"; Value = ""; VariantName = "[No Variations]"
Change component parameters (AddParameter): Name = "Manufacturer P/N"; Value = ""; VariantName = "[No Variations]"
Change component parameters (AddParameter): Name = "RefDes"; Value = "RefDes"; VariantName = "[No Variations]"
Change component parameters (AddParameter): Name = "Supplier"; Value = ""; VariantName = "[No Variations]"
Change component parameters (AddParameter): Name = "Supplier P/N (Cut Tape)"; Value = ""; VariantName = "[No Variations]"
Change component parameters (AddParameter): Name = "Supplier P/N (Tape & Reel)"; Value = ""; VariantName = "[No Variations]"
Change component parameters (AddParameter): Name = "Supplier Web Page"; Value = ""; VariantName = "[No Variations]"
Change component parameters (AddParameter): Name = "Value"; Value = ""; VariantName = "[No Variations]"
Change component parameters: Designator = "TP3" ("TP3"); Footprint = "TP"; UniqueID = "\SWEVWUFT" ("\SWEVWUFT")
Change component parameters (AddParameter): Name = "Datasheet"; Value = ""; VariantName = "[No Variations]"
Change component parameters (AddParameter): Name = "Info"; Value = ""; VariantName = "[No Variations]"
Change component parameters (AddParameter): Name = "Manufacturer"; Value = ""; VariantName = "[No Variations]"
Change component parameters (AddParameter): Name = "Manufacturer P/N"; Value = ""; VariantName = "[No Variations]"
Change component parameters (AddParameter): Name = "RefDes"; Value = "RefDes"; VariantName = "[No Variations]"
Change component parameters (AddParameter): Name = "Supplier"; Value = ""; VariantName = "[No Variations]"
Change component parameters (AddParameter): Name = "Supplier P/N (Cut Tape)"; Value = ""; VariantName = "[No Variations]"
Change component parameters (AddParameter): Name = "Supplier P/N (Tape & Reel)"; Value = ""; VariantName = "[No Variations]"
Change component parameters (AddParameter): Name = "Supplier Web Page"; Value = ""; VariantName = "[No Variations]"
Change component parameters (AddParameter): Name = "Value"; Value = ""; VariantName = "[No Variations]"
Change component parameters: Designator = "TP4" ("TP4"); Footprint = "TP"; UniqueID = "\YJVMRHDC" ("\YJVMRHDC")
Change component parameters (AddParameter): Name = "Datasheet"; Value = ""; VariantName = "[No Variations]"
Change component parameters (AddParameter): Name = "Info"; Value = ""; VariantName = "[No Variations]"
Change component parameters (AddParameter): Name = "Manufacturer"; Value = ""; VariantName = "[No Variations]"
Change component parameters (AddParameter): Name = "Manufacturer P/N"; Value = ""; VariantName = "[No Variations]"
Change component parameters (AddParameter): Name = "RefDes"; Value = "RefDes"; VariantName = "[No Variations]"
Change component parameters (AddParameter): Name = "Supplier"; Value = ""; VariantName = "[No Variations]"
Change component parameters (AddParameter): Name = "Supplier P/N (Cut Tape)"; Value = ""; VariantName = "[No Variations]"
Change component parameters (AddParameter): Name = "Supplier P/N (Tape & Reel)"; Value = ""; VariantName = "[No Variations]"
Change component parameters (AddParameter): Name = "Supplier Web Page"; Value = ""; VariantName = "[No Variations]"
Change component parameters (AddParameter): Name = "Value"; Value = ""; VariantName = "[No Variations]"
Change component parameters: Designator = "TP5" ("TP5"); Footprint = "TP"; UniqueID = "\HBWLJQEI" ("\HBWLJQEI")
Change component parameters (AddParameter): Name = "Datasheet"; Value = ""; VariantName = "[No Variations]"
Change component parameters (AddParameter): Name = "Info"; Value = ""; VariantName = "[No Variations]"
Change component parameters (AddParameter): Name = "Manufacturer"; Value = ""; VariantName = "[No Variations]"
Change component parameters (AddParameter): Name = "Manufacturer P/N"; Value = ""; VariantName = "[No Variations]"
Change component parameters (AddParameter): Name = "RefDes"; Value = "RefDes"; VariantName = "[No Variations]"
Change component parameters (AddParameter): Name = "Supplier"; Value = ""; VariantName = "[No Variations]"
Change component parameters (AddParameter): Name = "Supplier P/N (Cut Tape)"; Value = ""; VariantName = "[No Variations]"
Change component parameters (AddParameter): Name = "Supplier P/N (Tape & Reel)"; Value = ""; VariantName = "[No Variations]"
Change component parameters (AddParameter): Name = "Supplier Web Page"; Value = ""; VariantName = "[No Variations]"
Change component parameters (AddParameter): Name = "Value"; Value = ""; VariantName = "[No Variations]"
Change component parameters: Designator = "TP6" ("TP6"); Footprint = "TP"; UniqueID = "\OIYPTFSK" ("\OIYPTFSK")
Change component parameters (AddParameter): Name = "Datasheet"; Value = ""; VariantName = "[No Variations]"
Change component parameters (AddParameter): Name = "Info"; Value = ""; VariantName = "[No Variations]"
Change component parameters (AddParameter): Name = "Manufacturer"; Value = ""; VariantName = "[No Variations]"
Change component parameters (AddParameter): Name = "Manufacturer P/N"; Value = ""; VariantName = "[No Variations]"
Change component parameters (AddParameter): Name = "RefDes"; Value = "RefDes"; VariantName = "[No Variations]"
Change component parameters (AddParameter): Name = "Supplier"; Value = ""; VariantName = "[No Variations]"
Change component parameters (AddParameter): Name = "Supplier P/N (Cut Tape)"; Value = ""; VariantName = "[No Variations]"
Change component parameters (AddParameter): Name = "Supplier P/N (Tape & Reel)"; Value = ""; VariantName = "[No Variations]"
Change component parameters (AddParameter): Name = "Supplier Web Page"; Value = ""; VariantName = "[No Variations]"
Change component parameters (AddParameter): Name = "Value"; Value = ""; VariantName = "[No Variations]"
Change component parameters: Designator = "U1" ("U1"); Footprint = "SOT143-4"; UniqueID = "\QQNMDCDG" ("\QQNMDCDG")
Change component parameters (AddParameter): Name = "Datasheet"; Value = "https://www.diodes.com/assets/Datasheets/DRTR5V0U2SR.pdf"; VariantName = "[No Variations]"
Change component parameters (AddParameter): Name = "Info"; Value = "ESD Protection Device"; VariantName = "[No Variations]"
Change component parameters (AddParameter): Name = "Manufacturer"; Value = "Diodes Incorporated"; VariantName = "[No Variations]"
Change component parameters (AddParameter): Name = "Manufacturer P/N"; Value = "DRTR5V0U2SR-7"; VariantName = "[No Variations]"
Change component parameters (AddParameter): Name = "RefDes"; Value = "RefDes"; VariantName = "[No Variations]"
Change component parameters (AddParameter): Name = "Supplier"; Value = "Digikey"; VariantName = "[No Variations]"
Change component parameters (AddParameter): Name = "Supplier P/N (Cut Tape)"; Value = "DRTR5V0U2SR-7DICT-ND"; VariantName = "[No Variations]"
Change component parameters (AddParameter): Name = "Supplier P/N (Tape & Reel)"; Value = "DRTR5V0U2SR-7DITR-ND"; VariantName = "[No Variations]"
Change component parameters (AddParameter): Name = "Supplier Web Page"; Value = "https://www.digikey.com/en/products/detail/diodes-incorporated/DRTR5V0U2SR-7/4402528"; VariantName = "[No Variations]"
Change component parameters (AddParameter): Name = "Value"; Value = "USB ESD protection"; VariantName = "[No Variations]"
Change component parameters: Designator = "U2" ("U2"); Footprint = "QFN50P500X500X80_HS-29N CP2102N"; UniqueID = "\SQPRLBUF" ("\SQPRLBUF")
Change component parameters (AddParameter): Name = "Datasheet"; Value = "https://www.silabs.com/documents/public/data-sheets/cp2102n-datasheet.pdf"; VariantName = "[No Variations]"
Change component parameters (AddParameter): Name = "Info"; Value = "CP2102N-A02-GQFN28R"; VariantName = "[No Variations]"
Change component parameters (AddParameter): Name = "Manufacturer"; Value = "Silicon Labs"; VariantName = "[No Variations]"
Change component parameters (AddParameter): Name = "Manufacturer P/N"; Value = "CP2102N-A02-GQFN28R"; VariantName = "[No Variations]"
Change component parameters (AddParameter): Name = "RefDes"; Value = "RefDes"; VariantName = "[No Variations]"
Change component parameters (AddParameter): Name = "Supplier"; Value = "Digikey"; VariantName = "[No Variations]"
Change component parameters (AddParameter): Name = "Supplier P/N (Cut Tape)"; Value = "336-5890-1-ND"; VariantName = "[No Variations]"
Change component parameters (AddParameter): Name = "Supplier P/N (Tape & Reel)"; Value = "336-5890-2-ND"; VariantName = "[No Variations]"
Change component parameters (AddParameter): Name = "Supplier Web Page"; Value = "https://www.digikey.com/en/products/detail/silicon-labs/CP2102N-A02-GQFN28R/9863480"; VariantName = "[No Variations]"
Change component parameters (AddParameter): Name = "Value"; Value = "CP2102N-A02-GQFN28R"; VariantName = "[No Variations]"
Change component parameters: Designator = "U3" ("U3"); Footprint = "SOT94P280X100-5N"; UniqueID = "\ZOTECWRX" ("\ZOTECWRX")
Change component parameters (AddParameter): Name = "Datasheet"; Value = "https://www.richtek.com/assets/product_file/RT9080/DS9080-05.pdf"; VariantName = "[No Variations]"
Change component parameters (AddParameter): Name = "Info"; Value = "3.3V 600mA PMIC"; VariantName = "[No Variations]"
Change component parameters (AddParameter): Name = "Manufacturer"; Value = "Richtek USA Inc."; VariantName = "[No Variations]"
Change component parameters (AddParameter): Name = "Manufacturer P/N"; Value = "RT9080-33GJ5"; VariantName = "[No Variations]"
Change component parameters (AddParameter): Name = "RefDes"; Value = "RefDes"; VariantName = "[No Variations]"
Change component parameters (AddParameter): Name = "Supplier"; Value = "Digikey"; VariantName = "[No Variations]"
Change component parameters (AddParameter): Name = "Supplier P/N (Cut Tape)"; Value = "1028-1509-1-ND"; VariantName = "[No Variations]"
Change component parameters (AddParameter): Name = "Supplier P/N (Tape & Reel)"; Value = "1028-1509-2-ND"; VariantName = "[No Variations]"
Change component parameters (AddParameter): Name = "Supplier Web Page"; Value = "https://www.digikey.com/en/products/detail/richtek-usa-inc/RT9080-33GJ5/6161634?s=N4IgTCBcDaIEoBUCcAGAHCgtAZmwcQCkBWEAXQF8g"; VariantName = "[No Variations]"
Change component parameters (AddParameter): Name = "Value"; Value = "3.3V 600mA PMIC"; VariantName = "[No Variations]"
