Change Value of Parameter Datasheet Web Page in Part AH1 Old=HelpURL New=Datasheet Web Page
Change Value of Parameter Supplier P/N (Cut Tape) in Part AH1 Old=Supplier P/N (CT) New=Supplier P/N (Cut Tape)
Change Value of Parameter Supplier P/N (Tape & Reel) in Part AH1 Old=Supplier P/N New=Supplier P/N (Tape & Reel)
Change Value of Parameter Supplier Web Page in Part AH1 Old=Supplier Web New=Supplier Web Page
Change Value of Parameter Datasheet Web Page in Part AH2 Old=HelpURL New=Datasheet Web Page
Change Value of Parameter Supplier P/N (Cut Tape) in Part AH2 Old=Supplier P/N (CT) New=Supplier P/N (Cut Tape)
Change Value of Parameter Supplier P/N (Tape & Reel) in Part AH2 Old=Supplier P/N New=Supplier P/N (Tape & Reel)
Change Value of Parameter Supplier Web Page in Part AH2 Old=Supplier Web New=Supplier Web Page
Change Value of Parameter Datasheet Web Page in Part C1 Old=HelpURL New=Datasheet Web Page
Change Value of Parameter Supplier P/N (Cut Tape) in Part C1 Old=Supplier P/N (CT) New=Supplier P/N (Cut Tape)
Change Value of Parameter Supplier P/N (Tape & Reel) in Part C1 Old=Supplier P/N New=Supplier P/N (Tape & Reel)
Change Value of Parameter Supplier Web Page in Part C1 Old=Supplier Web New=Supplier Web Page
Change Value of Parameter Datasheet Web Page in Part C2 Old=HelpURL New=Datasheet Web Page
Change Value of Parameter Supplier P/N (Cut Tape) in Part C2 Old=Supplier P/N (CT) New=Supplier P/N (Cut Tape)
Change Value of Parameter Supplier P/N (Tape & Reel) in Part C2 Old=Supplier P/N New=Supplier P/N (Tape & Reel)
Change Value of Parameter Supplier Web Page in Part C2 Old=Supplier Web New=Supplier Web Page
Change Value of Parameter Datasheet Web Page in Part C3 Old=HelpURL New=Datasheet Web Page
Change Value of Parameter Supplier P/N (Cut Tape) in Part C3 Old=Supplier P/N (CT) New=Supplier P/N (Cut Tape)
Change Value of Parameter Supplier P/N (Tape & Reel) in Part C3 Old=Supplier P/N New=Supplier P/N (Tape & Reel)
Change Value of Parameter Supplier Web Page in Part C3 Old=Supplier Web New=Supplier Web Page
Change Value of Parameter Datasheet Web Page in Part C4 Old=HelpURL New=Datasheet Web Page
Change Value of Parameter Supplier P/N (Cut Tape) in Part C4 Old=Supplier P/N (CT) New=Supplier P/N (Cut Tape)
Change Value of Parameter Supplier P/N (Tape & Reel) in Part C4 Old=Supplier P/N New=Supplier P/N (Tape & Reel)
Change Value of Parameter Supplier Web Page in Part C4 Old=Supplier Web New=Supplier Web Page
Change Value of Parameter Datasheet Web Page in Part C5 Old=HelpURL New=Datasheet Web Page
Change Value of Parameter Supplier P/N (Cut Tape) in Part C5 Old=Supplier P/N (CT) New=Supplier P/N (Cut Tape)
Change Value of Parameter Supplier P/N (Tape & Reel) in Part C5 Old=Supplier P/N New=Supplier P/N (Tape & Reel)
Change Value of Parameter Supplier Web Page in Part C5 Old=Supplier Web New=Supplier Web Page
Change Value of Parameter Datasheet Web Page in Part C6 Old=HelpURL New=Datasheet Web Page
Change Value of Parameter Supplier P/N (Cut Tape) in Part C6 Old=Supplier P/N (CT) New=Supplier P/N (Cut Tape)
Change Value of Parameter Supplier P/N (Tape & Reel) in Part C6 Old=Supplier P/N New=Supplier P/N (Tape & Reel)
Change Value of Parameter Supplier Web Page in Part C6 Old=Supplier Web New=Supplier Web Page
Change Value of Parameter Datasheet Web Page in Part C7 Old=HelpURL New=Datasheet Web Page
Change Value of Parameter Supplier P/N (Cut Tape) in Part C7 Old=Supplier P/N (CT) New=Supplier P/N (Cut Tape)
Change Value of Parameter Supplier P/N (Tape & Reel) in Part C7 Old=Supplier P/N New=Supplier P/N (Tape & Reel)
Change Value of Parameter Supplier Web Page in Part C7 Old=Supplier Web New=Supplier Web Page
Change Value of Parameter Datasheet Web Page in Part C8 Old=HelpURL New=Datasheet Web Page
Change Value of Parameter Supplier P/N (Cut Tape) in Part C8 Old=Supplier P/N (CT) New=Supplier P/N (Cut Tape)
Change Value of Parameter Supplier P/N (Tape & Reel) in Part C8 Old=Supplier P/N New=Supplier P/N (Tape & Reel)
Change Value of Parameter Supplier Web Page in Part C8 Old=Supplier Web New=Supplier Web Page
Change Value of Parameter Datasheet Web Page in Part D1 Old=HelpURL New=Datasheet Web Page
Change Value of Parameter Supplier P/N (Cut Tape) in Part D1 Old=Supplier P/N (CT) New=Supplier P/N (Cut Tape)
Change Value of Parameter Supplier P/N (Tape & Reel) in Part D1 Old=Supplier P/N New=Supplier P/N (Tape & Reel)
Change Value of Parameter Supplier Web Page in Part D1 Old=Supplier Web New=Supplier Web Page
Change Value of Parameter Datasheet Web Page in Part J1 Old=HelpURL New=Datasheet Web Page
Change Value of Parameter Supplier P/N (Cut Tape) in Part J1 Old=Supplier P/N (CT) New=Supplier P/N (Cut Tape)
Change Value of Parameter Supplier P/N (Tape & Reel) in Part J1 Old=Supplier P/N New=Supplier P/N (Tape & Reel)
Change Value of Parameter Supplier Web Page in Part J1 Old=Supplier Web New=Supplier Web Page
Change Value of Parameter Datasheet Web Page in Part J2 Old=HelpURL New=Datasheet Web Page
Change Value of Parameter Supplier P/N (Cut Tape) in Part J2 Old=Supplier P/N (CT) New=Supplier P/N (Cut Tape)
Change Value of Parameter Supplier P/N (Tape & Reel) in Part J2 Old=Supplier P/N New=Supplier P/N (Tape & Reel)
Change Value of Parameter Supplier Web Page in Part J2 Old=Supplier Web New=Supplier Web Page
Change Value of Parameter Datasheet Web Page in Part JP1 Old=HelpURL New=Datasheet Web Page
Change Value of Parameter Supplier P/N (Cut Tape) in Part JP1 Old=Supplier P/N (CT) New=Supplier P/N (Cut Tape)
Change Value of Parameter Supplier P/N (Tape & Reel) in Part JP1 Old=Supplier P/N New=Supplier P/N (Tape & Reel)
Change Value of Parameter Supplier Web Page in Part JP1 Old=Supplier Web New=Supplier Web Page
Change Value of Parameter Datasheet Web Page in Part JP2 Old=HelpURL New=Datasheet Web Page
Change Value of Parameter Supplier P/N (Cut Tape) in Part JP2 Old=Supplier P/N (CT) New=Supplier P/N (Cut Tape)
Change Value of Parameter Supplier P/N (Tape & Reel) in Part JP2 Old=Supplier P/N New=Supplier P/N (Tape & Reel)
Change Value of Parameter Supplier Web Page in Part JP2 Old=Supplier Web New=Supplier Web Page
Change Value of Parameter Datasheet Web Page in Part JP3 Old=HelpURL New=Datasheet Web Page
Change Value of Parameter Supplier P/N (Cut Tape) in Part JP3 Old=Supplier P/N (CT) New=Supplier P/N (Cut Tape)
Change Value of Parameter Supplier P/N (Tape & Reel) in Part JP3 Old=Supplier P/N New=Supplier P/N (Tape & Reel)
Change Value of Parameter Supplier Web Page in Part JP3 Old=Supplier Web New=Supplier Web Page
Change Value of Parameter Datasheet Web Page in Part JP4 Old=HelpURL New=Datasheet Web Page
Change Value of Parameter Supplier P/N (Cut Tape) in Part JP4 Old=Supplier P/N (CT) New=Supplier P/N (Cut Tape)
Change Value of Parameter Supplier P/N (Tape & Reel) in Part JP4 Old=Supplier P/N New=Supplier P/N (Tape & Reel)
Change Value of Parameter Supplier Web Page in Part JP4 Old=Supplier Web New=Supplier Web Page
Change Value of Parameter Datasheet Web Page in Part JS1 Old=HelpURL New=Datasheet Web Page
Change Value of Parameter Supplier P/N (Cut Tape) in Part JS1 Old=Supplier P/N (CT) New=Supplier P/N (Cut Tape)
Change Value of Parameter Supplier P/N (Tape & Reel) in Part JS1 Old=Supplier P/N New=Supplier P/N (Tape & Reel)
Change Value of Parameter Supplier Web Page in Part JS1 Old=Supplier Web New=Supplier Web Page
Change Value of Parameter Datasheet Web Page in Part JS2 Old=HelpURL New=Datasheet Web Page
Change Value of Parameter Supplier P/N (Cut Tape) in Part JS2 Old=Supplier P/N (CT) New=Supplier P/N (Cut Tape)
Change Value of Parameter Supplier P/N (Tape & Reel) in Part JS2 Old=Supplier P/N New=Supplier P/N (Tape & Reel)
Change Value of Parameter Supplier Web Page in Part JS2 Old=Supplier Web New=Supplier Web Page
Change Value of Parameter Datasheet Web Page in Part JS3 Old=HelpURL New=Datasheet Web Page
Change Value of Parameter Supplier P/N (Cut Tape) in Part JS3 Old=Supplier P/N (CT) New=Supplier P/N (Cut Tape)
Change Value of Parameter Supplier P/N (Tape & Reel) in Part JS3 Old=Supplier P/N New=Supplier P/N (Tape & Reel)
Change Value of Parameter Supplier Web Page in Part JS3 Old=Supplier Web New=Supplier Web Page
Change Value of Parameter Datasheet Web Page in Part Q1 Old=HelpURL New=Datasheet Web Page
Change Value of Parameter Supplier P/N (Cut Tape) in Part Q1 Old=Supplier P/N (CT) New=Supplier P/N (Cut Tape)
Change Value of Parameter Supplier P/N (Tape & Reel) in Part Q1 Old=Supplier P/N New=Supplier P/N (Tape & Reel)
Change Value of Parameter Supplier Web Page in Part Q1 Old=Supplier Web New=Supplier Web Page
Change Value of Parameter Datasheet Web Page in Part Q2 Old=HelpURL New=Datasheet Web Page
Change Value of Parameter Supplier P/N (Cut Tape) in Part Q2 Old=Supplier P/N (CT) New=Supplier P/N (Cut Tape)
Change Value of Parameter Supplier P/N (Tape & Reel) in Part Q2 Old=Supplier P/N New=Supplier P/N (Tape & Reel)
Change Value of Parameter Supplier Web Page in Part Q2 Old=Supplier Web New=Supplier Web Page
Change Value of Parameter Datasheet Web Page in Part R1 Old=HelpURL New=Datasheet Web Page
Change Value of Parameter Supplier P/N (Cut Tape) in Part R1 Old=Supplier P/N (CT) New=Supplier P/N (Cut Tape)
Change Value of Parameter Supplier P/N (Tape & Reel) in Part R1 Old=Supplier P/N New=Supplier P/N (Tape & Reel)
Change Value of Parameter Supplier Web Page in Part R1 Old=Supplier Web New=Supplier Web Page
Change Value of Parameter Datasheet Web Page in Part R2 Old=HelpURL New=Datasheet Web Page
Change Value of Parameter Supplier P/N (Cut Tape) in Part R2 Old=Supplier P/N (CT) New=Supplier P/N (Cut Tape)
Change Value of Parameter Supplier P/N (Tape & Reel) in Part R2 Old=Supplier P/N New=Supplier P/N (Tape & Reel)
Change Value of Parameter Supplier Web Page in Part R2 Old=Supplier Web New=Supplier Web Page
Change Value of Parameter Datasheet Web Page in Part R3 Old=HelpURL New=Datasheet Web Page
Change Value of Parameter Supplier P/N (Cut Tape) in Part R3 Old=Supplier P/N (CT) New=Supplier P/N (Cut Tape)
Change Value of Parameter Supplier P/N (Tape & Reel) in Part R3 Old=Supplier P/N New=Supplier P/N (Tape & Reel)
Change Value of Parameter Supplier Web Page in Part R3 Old=Supplier Web New=Supplier Web Page
Change Value of Parameter Datasheet Web Page in Part R4 Old=HelpURL New=Datasheet Web Page
Change Value of Parameter Supplier P/N (Cut Tape) in Part R4 Old=Supplier P/N (CT) New=Supplier P/N (Cut Tape)
Change Value of Parameter Supplier P/N (Tape & Reel) in Part R4 Old=Supplier P/N New=Supplier P/N (Tape & Reel)
Change Value of Parameter Supplier Web Page in Part R4 Old=Supplier Web New=Supplier Web Page
Change Value of Parameter Datasheet Web Page in Part R5 Old=HelpURL New=Datasheet Web Page
Change Value of Parameter Supplier P/N (Cut Tape) in Part R5 Old=Supplier P/N (CT) New=Supplier P/N (Cut Tape)
Change Value of Parameter Supplier P/N (Tape & Reel) in Part R5 Old=Supplier P/N New=Supplier P/N (Tape & Reel)
Change Value of Parameter Supplier Web Page in Part R5 Old=Supplier Web New=Supplier Web Page
Change Value of Parameter Datasheet Web Page in Part R6 Old=HelpURL New=Datasheet Web Page
Change Value of Parameter Supplier P/N (Cut Tape) in Part R6 Old=Supplier P/N (CT) New=Supplier P/N (Cut Tape)
Change Value of Parameter Supplier P/N (Tape & Reel) in Part R6 Old=Supplier P/N New=Supplier P/N (Tape & Reel)
Change Value of Parameter Supplier Web Page in Part R6 Old=Supplier Web New=Supplier Web Page
Change Value of Parameter Datasheet Web Page in Part R7 Old=HelpURL New=Datasheet Web Page
Change Value of Parameter Supplier P/N (Cut Tape) in Part R7 Old=Supplier P/N (CT) New=Supplier P/N (Cut Tape)
Change Value of Parameter Supplier P/N (Tape & Reel) in Part R7 Old=Supplier P/N New=Supplier P/N (Tape & Reel)
Change Value of Parameter Supplier Web Page in Part R7 Old=Supplier Web New=Supplier Web Page
Change Value of Parameter Datasheet Web Page in Part R10 Old=HelpURL New=Datasheet Web Page
Change Value of Parameter Supplier P/N (Cut Tape) in Part R10 Old=Supplier P/N (CT) New=Supplier P/N (Cut Tape)
Change Value of Parameter Supplier P/N (Tape & Reel) in Part R10 Old=Supplier P/N New=Supplier P/N (Tape & Reel)
Change Value of Parameter Supplier Web Page in Part R10 Old=Supplier Web New=Supplier Web Page
Change Value of Parameter Datasheet Web Page in Part T1 Old=HelpURL New=Datasheet Web Page
Change Value of Parameter Supplier P/N (Cut Tape) in Part T1 Old=Supplier P/N (CT) New=Supplier P/N (Cut Tape)
Change Value of Parameter Supplier P/N (Tape & Reel) in Part T1 Old=Supplier P/N New=Supplier P/N (Tape & Reel)
Change Value of Parameter Supplier Web Page in Part T1 Old=Supplier Web New=Supplier Web Page
Change Value of Parameter Datasheet Web Page in Part TP2 Old=HelpURL New=Datasheet Web Page
Change Value of Parameter Supplier P/N (Cut Tape) in Part TP2 Old=Supplier P/N (CT) New=Supplier P/N (Cut Tape)
Change Value of Parameter Supplier P/N (Tape & Reel) in Part TP2 Old=Supplier P/N New=Supplier P/N (Tape & Reel)
Change Value of Parameter Supplier Web Page in Part TP2 Old=Supplier Web New=Supplier Web Page
Change Value of Parameter Datasheet Web Page in Part TP3 Old=HelpURL New=Datasheet Web Page
Change Value of Parameter Supplier P/N (Cut Tape) in Part TP3 Old=Supplier P/N (CT) New=Supplier P/N (Cut Tape)
Change Value of Parameter Supplier P/N (Tape & Reel) in Part TP3 Old=Supplier P/N New=Supplier P/N (Tape & Reel)
Change Value of Parameter Supplier Web Page in Part TP3 Old=Supplier Web New=Supplier Web Page
Change Value of Parameter Datasheet Web Page in Part TP4 Old=HelpURL New=Datasheet Web Page
Change Value of Parameter Supplier P/N (Cut Tape) in Part TP4 Old=Supplier P/N (CT) New=Supplier P/N (Cut Tape)
Change Value of Parameter Supplier P/N (Tape & Reel) in Part TP4 Old=Supplier P/N New=Supplier P/N (Tape & Reel)
Change Value of Parameter Supplier Web Page in Part TP4 Old=Supplier Web New=Supplier Web Page
Change Value of Parameter Datasheet Web Page in Part TP5 Old=HelpURL New=Datasheet Web Page
Change Value of Parameter Supplier P/N (Cut Tape) in Part TP5 Old=Supplier P/N (CT) New=Supplier P/N (Cut Tape)
Change Value of Parameter Supplier P/N (Tape & Reel) in Part TP5 Old=Supplier P/N New=Supplier P/N (Tape & Reel)
Change Value of Parameter Supplier Web Page in Part TP5 Old=Supplier Web New=Supplier Web Page
Change Value of Parameter Datasheet Web Page in Part TP6 Old=HelpURL New=Datasheet Web Page
Change Value of Parameter Supplier P/N (Cut Tape) in Part TP6 Old=Supplier P/N (CT) New=Supplier P/N (Cut Tape)
Change Value of Parameter Supplier P/N (Tape & Reel) in Part TP6 Old=Supplier P/N New=Supplier P/N (Tape & Reel)
Change Value of Parameter Supplier Web Page in Part TP6 Old=Supplier Web New=Supplier Web Page
Change Value of Parameter Datasheet Web Page in Part U1 Old=HelpURL New=Datasheet Web Page
Change Value of Parameter Supplier P/N (Cut Tape) in Part U1 Old=Supplier P/N (CT) New=Supplier P/N (Cut Tape)
Change Value of Parameter Supplier P/N (Tape & Reel) in Part U1 Old=Supplier P/N New=Supplier P/N (Tape & Reel)
Change Value of Parameter Supplier Web Page in Part U1 Old=Supplier WEB New=Supplier Web Page
Change Value of Parameter Datasheet Web Page in Part U2 Old=HelpURL New=Datasheet Web Page
Change Value of Parameter Supplier P/N (Cut Tape) in Part U2 Old=Supplier P/N (CT) New=Supplier P/N (Cut Tape)
Change Value of Parameter Supplier P/N (Tape & Reel) in Part U2 Old=Supplier P/N New=Supplier P/N (Tape & Reel)
Change Value of Parameter Supplier Web Page in Part U2 Old=Supplier Web New=Supplier Web Page
Change Value of Parameter Datasheet Web Page in Part U3 Old=HelpURL New=Datasheet Web Page
Change Value of Parameter Supplier P/N (Cut Tape) in Part U3 Old=Supplier P/N (CT) New=Supplier P/N (Cut Tape)
Change Value of Parameter Supplier P/N (Tape & Reel) in Part U3 Old=Supplier P/N New=Supplier P/N (Tape & Reel)
Change Value of Parameter Supplier Web Page in Part U3 Old=Supplier Web New=Supplier Web Page
