Change component parameters: Designator = "C3" ("C3"); Footprint = "C0805"; UniqueID = "\MJCVWYLZ" ("\MJCVWYLZ")
Change component parameters (AddParameter): Name = "HelpURL"; Value = "https://product.tdk.com/system/files/dam/doc/product/capacitor/ceramic/mlcc/catalog/mlcc_commercial_general_en.pdf"; VariantName = "[No Variations]"
Change component parameters (AddParameter): Name = "Info"; Value = "MLCC"; VariantName = "[No Variations]"
Change component parameters (AddParameter): Name = "Manufacturer"; Value = "TDK Corporation"; VariantName = "[No Variations]"
Change component parameters (AddParameter): Name = "Manufacturer P/N"; Value = "C2012X7R1H475K125AC"; VariantName = "[No Variations]"
Change component parameters (AddParameter): Name = "RefDes"; Value = "RefDes"; VariantName = "[No Variations]"
Change component parameters (AddParameter): Name = "Supplier"; Value = "Digikey"; VariantName = "[No Variations]"
Change component parameters (AddParameter): Name = "Supplier P/N"; Value = "445-C2012X7R1H475K125ACTR-ND"; VariantName = "[No Variations]"
Change component parameters (AddParameter): Name = "Supplier P/N (CT)"; Value = "445-C2012X7R1H475K125ACCT-ND"; VariantName = "[No Variations]"
Change component parameters (AddParameter): Name = "Supplier Web"; Value = "https://www.digikey.com/en/products/detail/tdk-corporation/C2012X7R1H475K125AC/10413507?s=N4IgTCBcDaIMJgAwEYwA0DsAlZAJALBgKwDSqRAgnCALoC%2BQA"; VariantName = "[No Variations]"
Change component parameters (AddParameter): Name = "Value"; Value = "4.7uF"; VariantName = "[No Variations]"
Change component parameters: Designator = "C5" ("C5"); Footprint = "C0805"; UniqueID = "\UGAHUBIT" ("\UGAHUBIT")
Change component parameters (AddParameter): Name = "HelpURL"; Value = "https://product.tdk.com/system/files/dam/doc/product/capacitor/ceramic/mlcc/catalog/mlcc_commercial_general_en.pdf"; VariantName = "[No Variations]"
Change component parameters (AddParameter): Name = "Info"; Value = "MLCC"; VariantName = "[No Variations]"
Change component parameters (AddParameter): Name = "Manufacturer"; Value = "TDK Corporation"; VariantName = "[No Variations]"
Change component parameters (AddParameter): Name = "Manufacturer P/N"; Value = "C2012X7R1H475K125AC"; VariantName = "[No Variations]"
Change component parameters (AddParameter): Name = "RefDes"; Value = "RefDes"; VariantName = "[No Variations]"
Change component parameters (AddParameter): Name = "Supplier"; Value = "Digikey"; VariantName = "[No Variations]"
Change component parameters (AddParameter): Name = "Supplier P/N"; Value = "445-C2012X7R1H475K125ACTR-ND"; VariantName = "[No Variations]"
Change component parameters (AddParameter): Name = "Supplier P/N (CT)"; Value = "445-C2012X7R1H475K125ACCT-ND"; VariantName = "[No Variations]"
Change component parameters (AddParameter): Name = "Supplier Web"; Value = "https://www.digikey.com/en/products/detail/tdk-corporation/C2012X7R1H475K125AC/10413507?s=N4IgTCBcDaIMJgAwEYwA0DsAlZAJALBgKwDSqRAgnCALoC%2BQA"; VariantName = "[No Variations]"
Change component parameters (AddParameter): Name = "Value"; Value = "4.7uF"; VariantName = "[No Variations]"
